
CommandNotFoundError: Your shell has not been properly configured to use 'conda activate'.
To initialize your shell, run

    $ conda init <SHELL_NAME>

Currently supported shells are:
  - bash
  - fish
  - tcsh
  - xonsh
  - zsh
  - powershell

See 'conda init --help' for more information and options.

IMPORTANT: You may need to close and restart your shell after running 'conda init'.


INFO: Using device cuda
/opt/conda/conda-bld/pytorch_1640811805959/work/aten/src/ATen/native/cuda/NLLLoss2d.cu:95: nll_loss2d_forward_kernel: block: [1,0,0], thread: [992,0,0] Assertion `t >= 0 && t < n_classes` failed.
/opt/conda/conda-bld/pytorch_1640811805959/work/aten/src/ATen/native/cuda/NLLLoss2d.cu:95: nll_loss2d_forward_kernel: block: [1,0,0], thread: [993,0,0] Assertion `t >= 0 && t < n_classes` failed.
/opt/conda/conda-bld/pytorch_1640811805959/work/aten/src/ATen/native/cuda/NLLLoss2d.cu:95: nll_loss2d_forward_kernel: block: [1,0,0], thread: [897,0,0] Assertion `t >= 0 && t < n_classes` failed.
/opt/conda/conda-bld/pytorch_1640811805959/work/aten/src/ATen/native/cuda/NLLLoss2d.cu:95: nll_loss2d_forward_kernel: block: [1,0,0], thread: [898,0,0] Assertion `t >= 0 && t < n_classes` failed.
/opt/conda/conda-bld/pytorch_1640811805959/work/aten/src/ATen/native/cuda/NLLLoss2d.cu:95: nll_loss2d_forward_kernel: block: [1,0,0], thread: [899,0,0] Assertion `t >= 0 && t < n_classes` failed.
/opt/conda/conda-bld/pytorch_1640811805959/work/aten/src/ATen/native/cuda/NLLLoss2d.cu:95: nll_loss2d_forward_kernel: block: [1,0,0], thread: [934,0,0] Assertion `t >= 0 && t < n_classes` failed.
/opt/conda/conda-bld/pytorch_1640811805959/work/aten/src/ATen/native/cuda/NLLLoss2d.cu:95: nll_loss2d_forward_kernel: block: [1,0,0], thread: [935,0,0] Assertion `t >= 0 && t < n_classes` failed.
/opt/conda/conda-bld/pytorch_1640811805959/work/aten/src/ATen/native/cuda/NLLLoss2d.cu:95: nll_loss2d_forward_kernel: block: [1,0,0], thread: [288,0,0] Assertion `t >= 0 && t < n_classes` failed.
/opt/conda/conda-bld/pytorch_1640811805959/work/aten/src/ATen/native/cuda/NLLLoss2d.cu:95: nll_loss2d_forward_kernel: block: [1,0,0], thread: [486,0,0] Assertion `t >= 0 && t < n_classes` failed.
/opt/conda/conda-bld/pytorch_1640811805959/work/aten/src/ATen/native/cuda/NLLLoss2d.cu:95: nll_loss2d_forward_kernel: block: [1,0,0], thread: [487,0,0] Assertion `t >= 0 && t < n_classes` failed.
/opt/conda/conda-bld/pytorch_1640811805959/work/aten/src/ATen/native/cuda/NLLLoss2d.cu:95: nll_loss2d_forward_kernel: block: [1,0,0], thread: [488,0,0] Assertion `t >= 0 && t < n_classes` failed.
/opt/conda/conda-bld/pytorch_1640811805959/work/aten/src/ATen/native/cuda/NLLLoss2d.cu:95: nll_loss2d_forward_kernel: block: [1,0,0], thread: [489,0,0] Assertion `t >= 0 && t < n_classes` failed.
/opt/conda/conda-bld/pytorch_1640811805959/work/aten/src/ATen/native/cuda/NLLLoss2d.cu:95: nll_loss2d_forward_kernel: block: [1,0,0], thread: [490,0,0] Assertion `t >= 0 && t < n_classes` failed.
/opt/conda/conda-bld/pytorch_1640811805959/work/aten/src/ATen/native/cuda/NLLLoss2d.cu:95: nll_loss2d_forward_kernel: block: [1,0,0], thread: [384,0,0] Assertion `t >= 0 && t < n_classes` failed.
/opt/conda/conda-bld/pytorch_1640811805959/work/aten/src/ATen/native/cuda/NLLLoss2d.cu:95: nll_loss2d_forward_kernel: block: [1,0,0], thread: [385,0,0] Assertion `t >= 0 && t < n_classes` failed.
/opt/conda/conda-bld/pytorch_1640811805959/work/aten/src/ATen/native/cuda/NLLLoss2d.cu:95: nll_loss2d_forward_kernel: block: [1,0,0], thread: [386,0,0] Assertion `t >= 0 && t < n_classes` failed.
/opt/conda/conda-bld/pytorch_1640811805959/work/aten/src/ATen/native/cuda/NLLLoss2d.cu:95: nll_loss2d_forward_kernel: block: [1,0,0], thread: [387,0,0] Assertion `t >= 0 && t < n_classes` failed.
/opt/conda/conda-bld/pytorch_1640811805959/work/aten/src/ATen/native/cuda/NLLLoss2d.cu:95: nll_loss2d_forward_kernel: block: [1,0,0], thread: [388,0,0] Assertion `t >= 0 && t < n_classes` failed.
/opt/conda/conda-bld/pytorch_1640811805959/work/aten/src/ATen/native/cuda/NLLLoss2d.cu:95: nll_loss2d_forward_kernel: block: [1,0,0], thread: [389,0,0] Assertion `t >= 0 && t < n_classes` failed.
/opt/conda/conda-bld/pytorch_1640811805959/work/aten/src/ATen/native/cuda/NLLLoss2d.cu:95: nll_loss2d_forward_kernel: block: [1,0,0], thread: [852,0,0] Assertion `t >= 0 && t < n_classes` failed.
/opt/conda/conda-bld/pytorch_1640811805959/work/aten/src/ATen/native/cuda/NLLLoss2d.cu:95: nll_loss2d_forward_kernel: block: [1,0,0], thread: [853,0,0] Assertion `t >= 0 && t < n_classes` failed.
/opt/conda/conda-bld/pytorch_1640811805959/work/aten/src/ATen/native/cuda/NLLLoss2d.cu:95: nll_loss2d_forward_kernel: block: [1,0,0], thread: [689,0,0] Assertion `t >= 0 && t < n_classes` failed.
/opt/conda/conda-bld/pytorch_1640811805959/work/aten/src/ATen/native/cuda/NLLLoss2d.cu:95: nll_loss2d_forward_kernel: block: [1,0,0], thread: [690,0,0] Assertion `t >= 0 && t < n_classes` failed.
/opt/conda/conda-bld/pytorch_1640811805959/work/aten/src/ATen/native/cuda/NLLLoss2d.cu:95: nll_loss2d_forward_kernel: block: [1,0,0], thread: [691,0,0] Assertion `t >= 0 && t < n_classes` failed.
/opt/conda/conda-bld/pytorch_1640811805959/work/aten/src/ATen/native/cuda/NLLLoss2d.cu:95: nll_loss2d_forward_kernel: block: [1,0,0], thread: [692,0,0] Assertion `t >= 0 && t < n_classes` failed.
/opt/conda/conda-bld/pytorch_1640811805959/work/aten/src/ATen/native/cuda/NLLLoss2d.cu:95: nll_loss2d_forward_kernel: block: [1,0,0], thread: [588,0,0] Assertion `t >= 0 && t < n_classes` failed.
/opt/conda/conda-bld/pytorch_1640811805959/work/aten/src/ATen/native/cuda/NLLLoss2d.cu:95: nll_loss2d_forward_kernel: block: [1,0,0], thread: [589,0,0] Assertion `t >= 0 && t < n_classes` failed.
/opt/conda/conda-bld/pytorch_1640811805959/work/aten/src/ATen/native/cuda/NLLLoss2d.cu:95: nll_loss2d_forward_kernel: block: [1,0,0], thread: [590,0,0] Assertion `t >= 0 && t < n_classes` failed.
/opt/conda/conda-bld/pytorch_1640811805959/work/aten/src/ATen/native/cuda/NLLLoss2d.cu:95: nll_loss2d_forward_kernel: block: [1,0,0], thread: [591,0,0] Assertion `t >= 0 && t < n_classes` failed.
/opt/conda/conda-bld/pytorch_1640811805959/work/aten/src/ATen/native/cuda/NLLLoss2d.cu:95: nll_loss2d_forward_kernel: block: [1,0,0], thread: [790,0,0] Assertion `t >= 0 && t < n_classes` failed.
/opt/conda/conda-bld/pytorch_1640811805959/work/aten/src/ATen/native/cuda/NLLLoss2d.cu:95: nll_loss2d_forward_kernel: block: [1,0,0], thread: [791,0,0] Assertion `t >= 0 && t < n_classes` failed.
/opt/conda/conda-bld/pytorch_1640811805959/work/aten/src/ATen/native/cuda/NLLLoss2d.cu:95: nll_loss2d_forward_kernel: block: [1,0,0], thread: [792,0,0] Assertion `t >= 0 && t < n_classes` failed.
/opt/conda/conda-bld/pytorch_1640811805959/work/aten/src/ATen/native/cuda/NLLLoss2d.cu:95: nll_loss2d_forward_kernel: block: [1,0,0], thread: [628,0,0] Assertion `t >= 0 && t < n_classes` failed.
/opt/conda/conda-bld/pytorch_1640811805959/work/aten/src/ATen/native/cuda/NLLLoss2d.cu:95: nll_loss2d_forward_kernel: block: [1,0,0], thread: [629,0,0] Assertion `t >= 0 && t < n_classes` failed.
/opt/conda/conda-bld/pytorch_1640811805959/work/aten/src/ATen/native/cuda/NLLLoss2d.cu:95: nll_loss2d_forward_kernel: block: [1,0,0], thread: [139,0,0] Assertion `t >= 0 && t < n_classes` failed.
/opt/conda/conda-bld/pytorch_1640811805959/work/aten/src/ATen/native/cuda/NLLLoss2d.cu:95: nll_loss2d_forward_kernel: block: [1,0,0], thread: [140,0,0] Assertion `t >= 0 && t < n_classes` failed.
/opt/conda/conda-bld/pytorch_1640811805959/work/aten/src/ATen/native/cuda/NLLLoss2d.cu:95: nll_loss2d_forward_kernel: block: [1,0,0], thread: [141,0,0] Assertion `t >= 0 && t < n_classes` failed.
/opt/conda/conda-bld/pytorch_1640811805959/work/aten/src/ATen/native/cuda/NLLLoss2d.cu:95: nll_loss2d_forward_kernel: block: [1,0,0], thread: [142,0,0] Assertion `t >= 0 && t < n_classes` failed.
/opt/conda/conda-bld/pytorch_1640811805959/work/aten/src/ATen/native/cuda/NLLLoss2d.cu:95: nll_loss2d_forward_kernel: block: [1,0,0], thread: [143,0,0] Assertion `t >= 0 && t < n_classes` failed.
/opt/conda/conda-bld/pytorch_1640811805959/work/aten/src/ATen/native/cuda/NLLLoss2d.cu:95: nll_loss2d_forward_kernel: block: [1,0,0], thread: [991,0,0] Assertion `t >= 0 && t < n_classes` failed.
/opt/conda/conda-bld/pytorch_1640811805959/work/aten/src/ATen/native/cuda/NLLLoss2d.cu:95: nll_loss2d_forward_kernel: block: [1,0,0], thread: [570,0,0] Assertion `t >= 0 && t < n_classes` failed.
/opt/conda/conda-bld/pytorch_1640811805959/work/aten/src/ATen/native/cuda/NLLLoss2d.cu:95: nll_loss2d_forward_kernel: block: [1,0,0], thread: [571,0,0] Assertion `t >= 0 && t < n_classes` failed.
/opt/conda/conda-bld/pytorch_1640811805959/work/aten/src/ATen/native/cuda/NLLLoss2d.cu:95: nll_loss2d_forward_kernel: block: [1,0,0], thread: [572,0,0] Assertion `t >= 0 && t < n_classes` failed.
/opt/conda/conda-bld/pytorch_1640811805959/work/aten/src/ATen/native/cuda/NLLLoss2d.cu:95: nll_loss2d_forward_kernel: block: [1,0,0], thread: [469,0,0] Assertion `t >= 0 && t < n_classes` failed.
/opt/conda/conda-bld/pytorch_1640811805959/work/aten/src/ATen/native/cuda/NLLLoss2d.cu:95: nll_loss2d_forward_kernel: block: [1,0,0], thread: [470,0,0] Assertion `t >= 0 && t < n_classes` failed.
/opt/conda/conda-bld/pytorch_1640811805959/work/aten/src/ATen/native/cuda/NLLLoss2d.cu:95: nll_loss2d_forward_kernel: block: [1,0,0], thread: [471,0,0] Assertion `t >= 0 && t < n_classes` failed.
/opt/conda/conda-bld/pytorch_1640811805959/work/aten/src/ATen/native/cuda/NLLLoss2d.cu:95: nll_loss2d_forward_kernel: block: [1,0,0], thread: [224,0,0] Assertion `t >= 0 && t < n_classes` failed.
/opt/conda/conda-bld/pytorch_1640811805959/work/aten/src/ATen/native/cuda/NLLLoss2d.cu:95: nll_loss2d_forward_kernel: block: [1,0,0], thread: [225,0,0] Assertion `t >= 0 && t < n_classes` failed.
/opt/conda/conda-bld/pytorch_1640811805959/work/aten/src/ATen/native/cuda/NLLLoss2d.cu:95: nll_loss2d_forward_kernel: block: [1,0,0], thread: [238,0,0] Assertion `t >= 0 && t < n_classes` failed.
/opt/conda/conda-bld/pytorch_1640811805959/work/aten/src/ATen/native/cuda/NLLLoss2d.cu:95: nll_loss2d_forward_kernel: block: [1,0,0], thread: [239,0,0] Assertion `t >= 0 && t < n_classes` failed.
/opt/conda/conda-bld/pytorch_1640811805959/work/aten/src/ATen/native/cuda/NLLLoss2d.cu:95: nll_loss2d_forward_kernel: block: [1,0,0], thread: [240,0,0] Assertion `t >= 0 && t < n_classes` failed.
/opt/conda/conda-bld/pytorch_1640811805959/work/aten/src/ATen/native/cuda/NLLLoss2d.cu:95: nll_loss2d_forward_kernel: block: [1,0,0], thread: [241,0,0] Assertion `t >= 0 && t < n_classes` failed.
/opt/conda/conda-bld/pytorch_1640811805959/work/aten/src/ATen/native/cuda/NLLLoss2d.cu:95: nll_loss2d_forward_kernel: block: [1,0,0], thread: [204,0,0] Assertion `t >= 0 && t < n_classes` failed.
/opt/conda/conda-bld/pytorch_1640811805959/work/aten/src/ATen/native/cuda/NLLLoss2d.cu:95: nll_loss2d_forward_kernel: block: [1,0,0], thread: [205,0,0] Assertion `t >= 0 && t < n_classes` failed.
/opt/conda/conda-bld/pytorch_1640811805959/work/aten/src/ATen/native/cuda/NLLLoss2d.cu:95: nll_loss2d_forward_kernel: block: [1,0,0], thread: [206,0,0] Assertion `t >= 0 && t < n_classes` failed.
/opt/conda/conda-bld/pytorch_1640811805959/work/aten/src/ATen/native/cuda/NLLLoss2d.cu:95: nll_loss2d_forward_kernel: block: [1,0,0], thread: [207,0,0] Assertion `t >= 0 && t < n_classes` failed.
/opt/conda/conda-bld/pytorch_1640811805959/work/aten/src/ATen/native/cuda/NLLLoss2d.cu:95: nll_loss2d_forward_kernel: block: [1,0,0], thread: [707,0,0] Assertion `t >= 0 && t < n_classes` failed.
/opt/conda/conda-bld/pytorch_1640811805959/work/aten/src/ATen/native/cuda/NLLLoss2d.cu:95: nll_loss2d_forward_kernel: block: [1,0,0], thread: [727,0,0] Assertion `t >= 0 && t < n_classes` failed.
/opt/conda/conda-bld/pytorch_1640811805959/work/aten/src/ATen/native/cuda/NLLLoss2d.cu:95: nll_loss2d_forward_kernel: block: [1,0,0], thread: [728,0,0] Assertion `t >= 0 && t < n_classes` failed.
/opt/conda/conda-bld/pytorch_1640811805959/work/aten/src/ATen/native/cuda/NLLLoss2d.cu:95: nll_loss2d_forward_kernel: block: [1,0,0], thread: [21,0,0] Assertion `t >= 0 && t < n_classes` failed.
/opt/conda/conda-bld/pytorch_1640811805959/work/aten/src/ATen/native/cuda/NLLLoss2d.cu:95: nll_loss2d_forward_kernel: block: [1,0,0], thread: [22,0,0] Assertion `t >= 0 && t < n_classes` failed.
/opt/conda/conda-bld/pytorch_1640811805959/work/aten/src/ATen/native/cuda/NLLLoss2d.cu:95: nll_loss2d_forward_kernel: block: [1,0,0], thread: [890,0,0] Assertion `t >= 0 && t < n_classes` failed.
/opt/conda/conda-bld/pytorch_1640811805959/work/aten/src/ATen/native/cuda/NLLLoss2d.cu:95: nll_loss2d_forward_kernel: block: [1,0,0], thread: [891,0,0] Assertion `t >= 0 && t < n_classes` failed.
/opt/conda/conda-bld/pytorch_1640811805959/work/aten/src/ATen/native/cuda/NLLLoss2d.cu:95: nll_loss2d_forward_kernel: block: [1,0,0], thread: [892,0,0] Assertion `t >= 0 && t < n_classes` failed.
/opt/conda/conda-bld/pytorch_1640811805959/work/aten/src/ATen/native/cuda/NLLLoss2d.cu:95: nll_loss2d_forward_kernel: block: [1,0,0], thread: [893,0,0] Assertion `t >= 0 && t < n_classes` failed.
/opt/conda/conda-bld/pytorch_1640811805959/work/aten/src/ATen/native/cuda/NLLLoss2d.cu:95: nll_loss2d_forward_kernel: block: [1,0,0], thread: [752,0,0] Assertion `t >= 0 && t < n_classes` failed.
/opt/conda/conda-bld/pytorch_1640811805959/work/aten/src/ATen/native/cuda/NLLLoss2d.cu:95: nll_loss2d_forward_kernel: block: [1,0,0], thread: [753,0,0] Assertion `t >= 0 && t < n_classes` failed.
/opt/conda/conda-bld/pytorch_1640811805959/work/aten/src/ATen/native/cuda/NLLLoss2d.cu:95: nll_loss2d_forward_kernel: block: [1,0,0], thread: [767,0,0] Assertion `t >= 0 && t < n_classes` failed.
/opt/conda/conda-bld/pytorch_1640811805959/work/aten/src/ATen/native/cuda/NLLLoss2d.cu:95: nll_loss2d_forward_kernel: block: [1,0,0], thread: [806,0,0] Assertion `t >= 0 && t < n_classes` failed.
/opt/conda/conda-bld/pytorch_1640811805959/work/aten/src/ATen/native/cuda/NLLLoss2d.cu:95: nll_loss2d_forward_kernel: block: [1,0,0], thread: [807,0,0] Assertion `t >= 0 && t < n_classes` failed.
/opt/conda/conda-bld/pytorch_1640811805959/work/aten/src/ATen/native/cuda/NLLLoss2d.cu:95: nll_loss2d_forward_kernel: block: [1,0,0], thread: [827,0,0] Assertion `t >= 0 && t < n_classes` failed.
/opt/conda/conda-bld/pytorch_1640811805959/work/aten/src/ATen/native/cuda/NLLLoss2d.cu:95: nll_loss2d_forward_kernel: block: [1,0,0], thread: [828,0,0] Assertion `t >= 0 && t < n_classes` failed.
/opt/conda/conda-bld/pytorch_1640811805959/work/aten/src/ATen/native/cuda/NLLLoss2d.cu:95: nll_loss2d_forward_kernel: block: [1,0,0], thread: [670,0,0] Assertion `t >= 0 && t < n_classes` failed.
/opt/conda/conda-bld/pytorch_1640811805959/work/aten/src/ATen/native/cuda/NLLLoss2d.cu:95: nll_loss2d_forward_kernel: block: [1,0,0], thread: [671,0,0] Assertion `t >= 0 && t < n_classes` failed.
/opt/conda/conda-bld/pytorch_1640811805959/work/aten/src/ATen/native/cuda/NLLLoss2d.cu:95: nll_loss2d_forward_kernel: block: [1,0,0], thread: [382,0,0] Assertion `t >= 0 && t < n_classes` failed.
/opt/conda/conda-bld/pytorch_1640811805959/work/aten/src/ATen/native/cuda/NLLLoss2d.cu:95: nll_loss2d_forward_kernel: block: [1,0,0], thread: [383,0,0] Assertion `t >= 0 && t < n_classes` failed.
/opt/conda/conda-bld/pytorch_1640811805959/work/aten/src/ATen/native/cuda/NLLLoss2d.cu:95: nll_loss2d_forward_kernel: block: [1,0,0], thread: [122,0,0] Assertion `t >= 0 && t < n_classes` failed.
/opt/conda/conda-bld/pytorch_1640811805959/work/aten/src/ATen/native/cuda/NLLLoss2d.cu:95: nll_loss2d_forward_kernel: block: [1,0,0], thread: [123,0,0] Assertion `t >= 0 && t < n_classes` failed.
/opt/conda/conda-bld/pytorch_1640811805959/work/aten/src/ATen/native/cuda/NLLLoss2d.cu:95: nll_loss2d_forward_kernel: block: [1,0,0], thread: [124,0,0] Assertion `t >= 0 && t < n_classes` failed.
/opt/conda/conda-bld/pytorch_1640811805959/work/aten/src/ATen/native/cuda/NLLLoss2d.cu:95: nll_loss2d_forward_kernel: block: [1,0,0], thread: [325,0,0] Assertion `t >= 0 && t < n_classes` failed.
/opt/conda/conda-bld/pytorch_1640811805959/work/aten/src/ATen/native/cuda/NLLLoss2d.cu:95: nll_loss2d_forward_kernel: block: [1,0,0], thread: [326,0,0] Assertion `t >= 0 && t < n_classes` failed.
/opt/conda/conda-bld/pytorch_1640811805959/work/aten/src/ATen/native/cuda/NLLLoss2d.cu:95: nll_loss2d_forward_kernel: block: [1,0,0], thread: [327,0,0] Assertion `t >= 0 && t < n_classes` failed.
/opt/conda/conda-bld/pytorch_1640811805959/work/aten/src/ATen/native/cuda/NLLLoss2d.cu:95: nll_loss2d_forward_kernel: block: [1,0,0], thread: [328,0,0] Assertion `t >= 0 && t < n_classes` failed.
/opt/conda/conda-bld/pytorch_1640811805959/work/aten/src/ATen/native/cuda/NLLLoss2d.cu:95: nll_loss2d_forward_kernel: block: [1,0,0], thread: [336,0,0] Assertion `t >= 0 && t < n_classes` failed.
/opt/conda/conda-bld/pytorch_1640811805959/work/aten/src/ATen/native/cuda/NLLLoss2d.cu:95: nll_loss2d_forward_kernel: block: [1,0,0], thread: [337,0,0] Assertion `t >= 0 && t < n_classes` failed.
/opt/conda/conda-bld/pytorch_1640811805959/work/aten/src/ATen/native/cuda/NLLLoss2d.cu:95: nll_loss2d_forward_kernel: block: [1,0,0], thread: [338,0,0] Assertion `t >= 0 && t < n_classes` failed.
/opt/conda/conda-bld/pytorch_1640811805959/work/aten/src/ATen/native/cuda/NLLLoss2d.cu:95: nll_loss2d_forward_kernel: block: [1,0,0], thread: [339,0,0] Assertion `t >= 0 && t < n_classes` failed.
/opt/conda/conda-bld/pytorch_1640811805959/work/aten/src/ATen/native/cuda/NLLLoss2d.cu:95: nll_loss2d_forward_kernel: block: [1,0,0], thread: [340,0,0] Assertion `t >= 0 && t < n_classes` failed.
/opt/conda/conda-bld/pytorch_1640811805959/work/aten/src/ATen/native/cuda/NLLLoss2d.cu:95: nll_loss2d_forward_kernel: block: [1,0,0], thread: [529,0,0] Assertion `t >= 0 && t < n_classes` failed.
/opt/conda/conda-bld/pytorch_1640811805959/work/aten/src/ATen/native/cuda/NLLLoss2d.cu:95: nll_loss2d_forward_kernel: block: [1,0,0], thread: [530,0,0] Assertion `t >= 0 && t < n_classes` failed.
/opt/conda/conda-bld/pytorch_1640811805959/work/aten/src/ATen/native/cuda/NLLLoss2d.cu:95: nll_loss2d_forward_kernel: block: [1,0,0], thread: [531,0,0] Assertion `t >= 0 && t < n_classes` failed.
/opt/conda/conda-bld/pytorch_1640811805959/work/aten/src/ATen/native/cuda/NLLLoss2d.cu:95: nll_loss2d_forward_kernel: block: [1,0,0], thread: [532,0,0] Assertion `t >= 0 && t < n_classes` failed.
/opt/conda/conda-bld/pytorch_1640811805959/work/aten/src/ATen/native/cuda/NLLLoss2d.cu:95: nll_loss2d_forward_kernel: block: [1,0,0], thread: [533,0,0] Assertion `t >= 0 && t < n_classes` failed.
/opt/conda/conda-bld/pytorch_1640811805959/work/aten/src/ATen/native/cuda/NLLLoss2d.cu:95: nll_loss2d_forward_kernel: block: [1,0,0], thread: [534,0,0] Assertion `t >= 0 && t < n_classes` failed.
/opt/conda/conda-bld/pytorch_1640811805959/work/aten/src/ATen/native/cuda/NLLLoss2d.cu:95: nll_loss2d_forward_kernel: block: [1,0,0], thread: [535,0,0] Assertion `t >= 0 && t < n_classes` failed.
/opt/conda/conda-bld/pytorch_1640811805959/work/aten/src/ATen/native/cuda/NLLLoss2d.cu:95: nll_loss2d_forward_kernel: block: [1,0,0], thread: [536,0,0] Assertion `t >= 0 && t < n_classes` failed.
/opt/conda/conda-bld/pytorch_1640811805959/work/aten/src/ATen/native/cuda/NLLLoss2d.cu:95: nll_loss2d_forward_kernel: block: [1,0,0], thread: [537,0,0] Assertion `t >= 0 && t < n_classes` failed.
/opt/conda/conda-bld/pytorch_1640811805959/work/aten/src/ATen/native/cuda/NLLLoss2d.cu:95: nll_loss2d_forward_kernel: block: [1,0,0], thread: [538,0,0] Assertion `t >= 0 && t < n_classes` failed.
/opt/conda/conda-bld/pytorch_1640811805959/work/aten/src/ATen/native/cuda/NLLLoss2d.cu:95: nll_loss2d_forward_kernel: block: [1,0,0], thread: [427,0,0] Assertion `t >= 0 && t < n_classes` failed.
/opt/conda/conda-bld/pytorch_1640811805959/work/aten/src/ATen/native/cuda/NLLLoss2d.cu:95: nll_loss2d_forward_kernel: block: [1,0,0], thread: [428,0,0] Assertion `t >= 0 && t < n_classes` failed.
/opt/conda/conda-bld/pytorch_1640811805959/work/aten/src/ATen/native/cuda/NLLLoss2d.cu:95: nll_loss2d_forward_kernel: block: [1,0,0], thread: [429,0,0] Assertion `t >= 0 && t < n_classes` failed.
/opt/conda/conda-bld/pytorch_1640811805959/work/aten/src/ATen/native/cuda/NLLLoss2d.cu:95: nll_loss2d_forward_kernel: block: [1,0,0], thread: [430,0,0] Assertion `t >= 0 && t < n_classes` failed.
/opt/conda/conda-bld/pytorch_1640811805959/work/aten/src/ATen/native/cuda/NLLLoss2d.cu:95: nll_loss2d_forward_kernel: block: [1,0,0], thread: [431,0,0] Assertion `t >= 0 && t < n_classes` failed.
/opt/conda/conda-bld/pytorch_1640811805959/work/aten/src/ATen/native/cuda/NLLLoss2d.cu:95: nll_loss2d_forward_kernel: block: [1,0,0], thread: [432,0,0] Assertion `t >= 0 && t < n_classes` failed.
/opt/conda/conda-bld/pytorch_1640811805959/work/aten/src/ATen/native/cuda/NLLLoss2d.cu:95: nll_loss2d_forward_kernel: block: [1,0,0], thread: [433,0,0] Assertion `t >= 0 && t < n_classes` failed.
/opt/conda/conda-bld/pytorch_1640811805959/work/aten/src/ATen/native/cuda/NLLLoss2d.cu:95: nll_loss2d_forward_kernel: block: [1,0,0], thread: [434,0,0] Assertion `t >= 0 && t < n_classes` failed.
/opt/conda/conda-bld/pytorch_1640811805959/work/aten/src/ATen/native/cuda/NLLLoss2d.cu:95: nll_loss2d_forward_kernel: block: [1,0,0], thread: [435,0,0] Assertion `t >= 0 && t < n_classes` failed.
/opt/conda/conda-bld/pytorch_1640811805959/work/aten/src/ATen/native/cuda/NLLLoss2d.cu:95: nll_loss2d_forward_kernel: block: [1,0,0], thread: [436,0,0] Assertion `t >= 0 && t < n_classes` failed.
/opt/conda/conda-bld/pytorch_1640811805959/work/aten/src/ATen/native/cuda/NLLLoss2d.cu:95: nll_loss2d_forward_kernel: block: [1,0,0], thread: [437,0,0] Assertion `t >= 0 && t < n_classes` failed.
/opt/conda/conda-bld/pytorch_1640811805959/work/aten/src/ATen/native/cuda/NLLLoss2d.cu:95: nll_loss2d_forward_kernel: block: [1,0,0], thread: [438,0,0] Assertion `t >= 0 && t < n_classes` failed.
/opt/conda/conda-bld/pytorch_1640811805959/work/aten/src/ATen/native/cuda/NLLLoss2d.cu:95: nll_loss2d_forward_kernel: block: [1,0,0], thread: [280,0,0] Assertion `t >= 0 && t < n_classes` failed.
/opt/conda/conda-bld/pytorch_1640811805959/work/aten/src/ATen/native/cuda/NLLLoss2d.cu:95: nll_loss2d_forward_kernel: block: [1,0,0], thread: [281,0,0] Assertion `t >= 0 && t < n_classes` failed.
/opt/conda/conda-bld/pytorch_1640811805959/work/aten/src/ATen/native/cuda/NLLLoss2d.cu:95: nll_loss2d_forward_kernel: block: [1,0,0], thread: [282,0,0] Assertion `t >= 0 && t < n_classes` failed.
/opt/conda/conda-bld/pytorch_1640811805959/work/aten/src/ATen/native/cuda/NLLLoss2d.cu:95: nll_loss2d_forward_kernel: block: [1,0,0], thread: [283,0,0] Assertion `t >= 0 && t < n_classes` failed.
/opt/conda/conda-bld/pytorch_1640811805959/work/aten/src/ATen/native/cuda/NLLLoss2d.cu:95: nll_loss2d_forward_kernel: block: [1,0,0], thread: [284,0,0] Assertion `t >= 0 && t < n_classes` failed.
/opt/conda/conda-bld/pytorch_1640811805959/work/aten/src/ATen/native/cuda/NLLLoss2d.cu:95: nll_loss2d_forward_kernel: block: [1,0,0], thread: [285,0,0] Assertion `t >= 0 && t < n_classes` failed.
/opt/conda/conda-bld/pytorch_1640811805959/work/aten/src/ATen/native/cuda/NLLLoss2d.cu:95: nll_loss2d_forward_kernel: block: [1,0,0], thread: [286,0,0] Assertion `t >= 0 && t < n_classes` failed.
/opt/conda/conda-bld/pytorch_1640811805959/work/aten/src/ATen/native/cuda/NLLLoss2d.cu:95: nll_loss2d_forward_kernel: block: [1,0,0], thread: [287,0,0] Assertion `t >= 0 && t < n_classes` failed.
/opt/conda/conda-bld/pytorch_1640811805959/work/aten/src/ATen/native/cuda/NLLLoss2d.cu:95: nll_loss2d_forward_kernel: block: [1,0,0], thread: [174,0,0] Assertion `t >= 0 && t < n_classes` failed.
/opt/conda/conda-bld/pytorch_1640811805959/work/aten/src/ATen/native/cuda/NLLLoss2d.cu:95: nll_loss2d_forward_kernel: block: [1,0,0], thread: [175,0,0] Assertion `t >= 0 && t < n_classes` failed.
/opt/conda/conda-bld/pytorch_1640811805959/work/aten/src/ATen/native/cuda/NLLLoss2d.cu:95: nll_loss2d_forward_kernel: block: [1,0,0], thread: [176,0,0] Assertion `t >= 0 && t < n_classes` failed.
/opt/conda/conda-bld/pytorch_1640811805959/work/aten/src/ATen/native/cuda/NLLLoss2d.cu:95: nll_loss2d_forward_kernel: block: [1,0,0], thread: [177,0,0] Assertion `t >= 0 && t < n_classes` failed.
/opt/conda/conda-bld/pytorch_1640811805959/work/aten/src/ATen/native/cuda/NLLLoss2d.cu:95: nll_loss2d_forward_kernel: block: [1,0,0], thread: [178,0,0] Assertion `t >= 0 && t < n_classes` failed.
/opt/conda/conda-bld/pytorch_1640811805959/work/aten/src/ATen/native/cuda/NLLLoss2d.cu:95: nll_loss2d_forward_kernel: block: [1,0,0], thread: [179,0,0] Assertion `t >= 0 && t < n_classes` failed.
/opt/conda/conda-bld/pytorch_1640811805959/work/aten/src/ATen/native/cuda/NLLLoss2d.cu:95: nll_loss2d_forward_kernel: block: [1,0,0], thread: [180,0,0] Assertion `t >= 0 && t < n_classes` failed.
/opt/conda/conda-bld/pytorch_1640811805959/work/aten/src/ATen/native/cuda/NLLLoss2d.cu:95: nll_loss2d_forward_kernel: block: [1,0,0], thread: [181,0,0] Assertion `t >= 0 && t < n_classes` failed.
/opt/conda/conda-bld/pytorch_1640811805959/work/aten/src/ATen/native/cuda/NLLLoss2d.cu:95: nll_loss2d_forward_kernel: block: [1,0,0], thread: [182,0,0] Assertion `t >= 0 && t < n_classes` failed.
/opt/conda/conda-bld/pytorch_1640811805959/work/aten/src/ATen/native/cuda/NLLLoss2d.cu:95: nll_loss2d_forward_kernel: block: [1,0,0], thread: [183,0,0] Assertion `t >= 0 && t < n_classes` failed.
/opt/conda/conda-bld/pytorch_1640811805959/work/aten/src/ATen/native/cuda/NLLLoss2d.cu:95: nll_loss2d_forward_kernel: block: [1,0,0], thread: [184,0,0] Assertion `t >= 0 && t < n_classes` failed.
/opt/conda/conda-bld/pytorch_1640811805959/work/aten/src/ATen/native/cuda/NLLLoss2d.cu:95: nll_loss2d_forward_kernel: block: [1,0,0], thread: [185,0,0] Assertion `t >= 0 && t < n_classes` failed.
/opt/conda/conda-bld/pytorch_1640811805959/work/aten/src/ATen/native/cuda/NLLLoss2d.cu:95: nll_loss2d_forward_kernel: block: [1,0,0], thread: [186,0,0] Assertion `t >= 0 && t < n_classes` failed.
/opt/conda/conda-bld/pytorch_1640811805959/work/aten/src/ATen/native/cuda/NLLLoss2d.cu:95: nll_loss2d_forward_kernel: block: [1,0,0], thread: [64,0,0] Assertion `t >= 0 && t < n_classes` failed.
/opt/conda/conda-bld/pytorch_1640811805959/work/aten/src/ATen/native/cuda/NLLLoss2d.cu:95: nll_loss2d_forward_kernel: block: [1,0,0], thread: [65,0,0] Assertion `t >= 0 && t < n_classes` failed.
/opt/conda/conda-bld/pytorch_1640811805959/work/aten/src/ATen/native/cuda/NLLLoss2d.cu:95: nll_loss2d_forward_kernel: block: [1,0,0], thread: [66,0,0] Assertion `t >= 0 && t < n_classes` failed.
/opt/conda/conda-bld/pytorch_1640811805959/work/aten/src/ATen/native/cuda/NLLLoss2d.cu:95: nll_loss2d_forward_kernel: block: [1,0,0], thread: [67,0,0] Assertion `t >= 0 && t < n_classes` failed.
/opt/conda/conda-bld/pytorch_1640811805959/work/aten/src/ATen/native/cuda/NLLLoss2d.cu:95: nll_loss2d_forward_kernel: block: [1,0,0], thread: [68,0,0] Assertion `t >= 0 && t < n_classes` failed.
/opt/conda/conda-bld/pytorch_1640811805959/work/aten/src/ATen/native/cuda/NLLLoss2d.cu:95: nll_loss2d_forward_kernel: block: [1,0,0], thread: [69,0,0] Assertion `t >= 0 && t < n_classes` failed.
/opt/conda/conda-bld/pytorch_1640811805959/work/aten/src/ATen/native/cuda/NLLLoss2d.cu:95: nll_loss2d_forward_kernel: block: [1,0,0], thread: [70,0,0] Assertion `t >= 0 && t < n_classes` failed.
/opt/conda/conda-bld/pytorch_1640811805959/work/aten/src/ATen/native/cuda/NLLLoss2d.cu:95: nll_loss2d_forward_kernel: block: [1,0,0], thread: [71,0,0] Assertion `t >= 0 && t < n_classes` failed.
/opt/conda/conda-bld/pytorch_1640811805959/work/aten/src/ATen/native/cuda/NLLLoss2d.cu:95: nll_loss2d_forward_kernel: block: [1,0,0], thread: [72,0,0] Assertion `t >= 0 && t < n_classes` failed.
/opt/conda/conda-bld/pytorch_1640811805959/work/aten/src/ATen/native/cuda/NLLLoss2d.cu:95: nll_loss2d_forward_kernel: block: [1,0,0], thread: [73,0,0] Assertion `t >= 0 && t < n_classes` failed.
/opt/conda/conda-bld/pytorch_1640811805959/work/aten/src/ATen/native/cuda/NLLLoss2d.cu:95: nll_loss2d_forward_kernel: block: [1,0,0], thread: [74,0,0] Assertion `t >= 0 && t < n_classes` failed.
/opt/conda/conda-bld/pytorch_1640811805959/work/aten/src/ATen/native/cuda/NLLLoss2d.cu:95: nll_loss2d_forward_kernel: block: [1,0,0], thread: [75,0,0] Assertion `t >= 0 && t < n_classes` failed.
/opt/conda/conda-bld/pytorch_1640811805959/work/aten/src/ATen/native/cuda/NLLLoss2d.cu:95: nll_loss2d_forward_kernel: block: [1,0,0], thread: [76,0,0] Assertion `t >= 0 && t < n_classes` failed.
/opt/conda/conda-bld/pytorch_1640811805959/work/aten/src/ATen/native/cuda/NLLLoss2d.cu:95: nll_loss2d_forward_kernel: block: [1,0,0], thread: [77,0,0] Assertion `t >= 0 && t < n_classes` failed.
/opt/conda/conda-bld/pytorch_1640811805959/work/aten/src/ATen/native/cuda/NLLLoss2d.cu:95: nll_loss2d_forward_kernel: block: [1,0,0], thread: [78,0,0] Assertion `t >= 0 && t < n_classes` failed.
/opt/conda/conda-bld/pytorch_1640811805959/work/aten/src/ATen/native/cuda/NLLLoss2d.cu:95: nll_loss2d_forward_kernel: block: [1,0,0], thread: [79,0,0] Assertion `t >= 0 && t < n_classes` failed.
/opt/conda/conda-bld/pytorch_1640811805959/work/aten/src/ATen/native/cuda/NLLLoss2d.cu:95: nll_loss2d_forward_kernel: block: [1,0,0], thread: [80,0,0] Assertion `t >= 0 && t < n_classes` failed.
/opt/conda/conda-bld/pytorch_1640811805959/work/aten/src/ATen/native/cuda/NLLLoss2d.cu:95: nll_loss2d_forward_kernel: block: [1,0,0], thread: [81,0,0] Assertion `t >= 0 && t < n_classes` failed.
/opt/conda/conda-bld/pytorch_1640811805959/work/aten/src/ATen/native/cuda/NLLLoss2d.cu:95: nll_loss2d_forward_kernel: block: [1,0,0], thread: [82,0,0] Assertion `t >= 0 && t < n_classes` failed.
/opt/conda/conda-bld/pytorch_1640811805959/work/aten/src/ATen/native/cuda/NLLLoss2d.cu:95: nll_loss2d_forward_kernel: block: [1,0,0], thread: [83,0,0] Assertion `t >= 0 && t < n_classes` failed.
/opt/conda/conda-bld/pytorch_1640811805959/work/aten/src/ATen/native/cuda/NLLLoss2d.cu:95: nll_loss2d_forward_kernel: block: [1,0,0], thread: [42,0,0] Assertion `t >= 0 && t < n_classes` failed.
/opt/conda/conda-bld/pytorch_1640811805959/work/aten/src/ATen/native/cuda/NLLLoss2d.cu:95: nll_loss2d_forward_kernel: block: [1,0,0], thread: [43,0,0] Assertion `t >= 0 && t < n_classes` failed.
/opt/conda/conda-bld/pytorch_1640811805959/work/aten/src/ATen/native/cuda/NLLLoss2d.cu:95: nll_loss2d_forward_kernel: block: [1,0,0], thread: [44,0,0] Assertion `t >= 0 && t < n_classes` failed.
/opt/conda/conda-bld/pytorch_1640811805959/work/aten/src/ATen/native/cuda/NLLLoss2d.cu:95: nll_loss2d_forward_kernel: block: [1,0,0], thread: [45,0,0] Assertion `t >= 0 && t < n_classes` failed.
/opt/conda/conda-bld/pytorch_1640811805959/work/aten/src/ATen/native/cuda/NLLLoss2d.cu:95: nll_loss2d_forward_kernel: block: [1,0,0], thread: [46,0,0] Assertion `t >= 0 && t < n_classes` failed.
/opt/conda/conda-bld/pytorch_1640811805959/work/aten/src/ATen/native/cuda/NLLLoss2d.cu:95: nll_loss2d_forward_kernel: block: [1,0,0], thread: [47,0,0] Assertion `t >= 0 && t < n_classes` failed.
/opt/conda/conda-bld/pytorch_1640811805959/work/aten/src/ATen/native/cuda/NLLLoss2d.cu:95: nll_loss2d_forward_kernel: block: [1,0,0], thread: [48,0,0] Assertion `t >= 0 && t < n_classes` failed.
/opt/conda/conda-bld/pytorch_1640811805959/work/aten/src/ATen/native/cuda/NLLLoss2d.cu:95: nll_loss2d_forward_kernel: block: [1,0,0], thread: [58,0,0] Assertion `t >= 0 && t < n_classes` failed.
/opt/conda/conda-bld/pytorch_1640811805959/work/aten/src/ATen/native/cuda/NLLLoss2d.cu:95: nll_loss2d_forward_kernel: block: [1,0,0], thread: [59,0,0] Assertion `t >= 0 && t < n_classes` failed.
/opt/conda/conda-bld/pytorch_1640811805959/work/aten/src/ATen/native/cuda/NLLLoss2d.cu:95: nll_loss2d_forward_kernel: block: [1,0,0], thread: [60,0,0] Assertion `t >= 0 && t < n_classes` failed.
/opt/conda/conda-bld/pytorch_1640811805959/work/aten/src/ATen/native/cuda/NLLLoss2d.cu:95: nll_loss2d_forward_kernel: block: [1,0,0], thread: [61,0,0] Assertion `t >= 0 && t < n_classes` failed.
/opt/conda/conda-bld/pytorch_1640811805959/work/aten/src/ATen/native/cuda/NLLLoss2d.cu:95: nll_loss2d_forward_kernel: block: [1,0,0], thread: [62,0,0] Assertion `t >= 0 && t < n_classes` failed.
/opt/conda/conda-bld/pytorch_1640811805959/work/aten/src/ATen/native/cuda/NLLLoss2d.cu:95: nll_loss2d_forward_kernel: block: [1,0,0], thread: [63,0,0] Assertion `t >= 0 && t < n_classes` failed.
/opt/conda/conda-bld/pytorch_1640811805959/work/aten/src/ATen/native/cuda/NLLLoss2d.cu:95: nll_loss2d_forward_kernel: block: [0,0,0], thread: [448,0,0] Assertion `t >= 0 && t < n_classes` failed.
/opt/conda/conda-bld/pytorch_1640811805959/work/aten/src/ATen/native/cuda/NLLLoss2d.cu:95: nll_loss2d_forward_kernel: block: [0,0,0], thread: [544,0,0] Assertion `t >= 0 && t < n_classes` failed.
/opt/conda/conda-bld/pytorch_1640811805959/work/aten/src/ATen/native/cuda/NLLLoss2d.cu:95: nll_loss2d_forward_kernel: block: [0,0,0], thread: [545,0,0] Assertion `t >= 0 && t < n_classes` failed.
/opt/conda/conda-bld/pytorch_1640811805959/work/aten/src/ATen/native/cuda/NLLLoss2d.cu:95: nll_loss2d_forward_kernel: block: [0,0,0], thread: [546,0,0] Assertion `t >= 0 && t < n_classes` failed.
/opt/conda/conda-bld/pytorch_1640811805959/work/aten/src/ATen/native/cuda/NLLLoss2d.cu:95: nll_loss2d_forward_kernel: block: [0,0,0], thread: [547,0,0] Assertion `t >= 0 && t < n_classes` failed.
/opt/conda/conda-bld/pytorch_1640811805959/work/aten/src/ATen/native/cuda/NLLLoss2d.cu:95: nll_loss2d_forward_kernel: block: [0,0,0], thread: [548,0,0] Assertion `t >= 0 && t < n_classes` failed.
/opt/conda/conda-bld/pytorch_1640811805959/work/aten/src/ATen/native/cuda/NLLLoss2d.cu:95: nll_loss2d_forward_kernel: block: [0,0,0], thread: [549,0,0] Assertion `t >= 0 && t < n_classes` failed.
/opt/conda/conda-bld/pytorch_1640811805959/work/aten/src/ATen/native/cuda/NLLLoss2d.cu:95: nll_loss2d_forward_kernel: block: [0,0,0], thread: [643,0,0] Assertion `t >= 0 && t < n_classes` failed.
/opt/conda/conda-bld/pytorch_1640811805959/work/aten/src/ATen/native/cuda/NLLLoss2d.cu:95: nll_loss2d_forward_kernel: block: [0,0,0], thread: [644,0,0] Assertion `t >= 0 && t < n_classes` failed.
/opt/conda/conda-bld/pytorch_1640811805959/work/aten/src/ATen/native/cuda/NLLLoss2d.cu:95: nll_loss2d_forward_kernel: block: [0,0,0], thread: [645,0,0] Assertion `t >= 0 && t < n_classes` failed.
/opt/conda/conda-bld/pytorch_1640811805959/work/aten/src/ATen/native/cuda/NLLLoss2d.cu:95: nll_loss2d_forward_kernel: block: [0,0,0], thread: [646,0,0] Assertion `t >= 0 && t < n_classes` failed.
/opt/conda/conda-bld/pytorch_1640811805959/work/aten/src/ATen/native/cuda/NLLLoss2d.cu:95: nll_loss2d_forward_kernel: block: [0,0,0], thread: [647,0,0] Assertion `t >= 0 && t < n_classes` failed.
/opt/conda/conda-bld/pytorch_1640811805959/work/aten/src/ATen/native/cuda/NLLLoss2d.cu:95: nll_loss2d_forward_kernel: block: [0,0,0], thread: [648,0,0] Assertion `t >= 0 && t < n_classes` failed.
/opt/conda/conda-bld/pytorch_1640811805959/work/aten/src/ATen/native/cuda/NLLLoss2d.cu:95: nll_loss2d_forward_kernel: block: [0,0,0], thread: [649,0,0] Assertion `t >= 0 && t < n_classes` failed.
/opt/conda/conda-bld/pytorch_1640811805959/work/aten/src/ATen/native/cuda/NLLLoss2d.cu:95: nll_loss2d_forward_kernel: block: [0,0,0], thread: [650,0,0] Assertion `t >= 0 && t < n_classes` failed.
/opt/conda/conda-bld/pytorch_1640811805959/work/aten/src/ATen/native/cuda/NLLLoss2d.cu:95: nll_loss2d_forward_kernel: block: [0,0,0], thread: [686,0,0] Assertion `t >= 0 && t < n_classes` failed.
/opt/conda/conda-bld/pytorch_1640811805959/work/aten/src/ATen/native/cuda/NLLLoss2d.cu:95: nll_loss2d_forward_kernel: block: [0,0,0], thread: [586,0,0] Assertion `t >= 0 && t < n_classes` failed.
/opt/conda/conda-bld/pytorch_1640811805959/work/aten/src/ATen/native/cuda/NLLLoss2d.cu:95: nll_loss2d_forward_kernel: block: [0,0,0], thread: [587,0,0] Assertion `t >= 0 && t < n_classes` failed.
/opt/conda/conda-bld/pytorch_1640811805959/work/aten/src/ATen/native/cuda/NLLLoss2d.cu:95: nll_loss2d_forward_kernel: block: [0,0,0], thread: [785,0,0] Assertion `t >= 0 && t < n_classes` failed.
/opt/conda/conda-bld/pytorch_1640811805959/work/aten/src/ATen/native/cuda/NLLLoss2d.cu:95: nll_loss2d_forward_kernel: block: [0,0,0], thread: [885,0,0] Assertion `t >= 0 && t < n_classes` failed.
/opt/conda/conda-bld/pytorch_1640811805959/work/aten/src/ATen/native/cuda/NLLLoss2d.cu:95: nll_loss2d_forward_kernel: block: [0,0,0], thread: [743,0,0] Assertion `t >= 0 && t < n_classes` failed.
/opt/conda/conda-bld/pytorch_1640811805959/work/aten/src/ATen/native/cuda/NLLLoss2d.cu:95: nll_loss2d_forward_kernel: block: [0,0,0], thread: [744,0,0] Assertion `t >= 0 && t < n_classes` failed.
/opt/conda/conda-bld/pytorch_1640811805959/work/aten/src/ATen/native/cuda/NLLLoss2d.cu:95: nll_loss2d_forward_kernel: block: [0,0,0], thread: [745,0,0] Assertion `t >= 0 && t < n_classes` failed.
/opt/conda/conda-bld/pytorch_1640811805959/work/aten/src/ATen/native/cuda/NLLLoss2d.cu:95: nll_loss2d_forward_kernel: block: [0,0,0], thread: [746,0,0] Assertion `t >= 0 && t < n_classes` failed.
/opt/conda/conda-bld/pytorch_1640811805959/work/aten/src/ATen/native/cuda/NLLLoss2d.cu:95: nll_loss2d_forward_kernel: block: [0,0,0], thread: [747,0,0] Assertion `t >= 0 && t < n_classes` failed.
/opt/conda/conda-bld/pytorch_1640811805959/work/aten/src/ATen/native/cuda/NLLLoss2d.cu:95: nll_loss2d_forward_kernel: block: [0,0,0], thread: [748,0,0] Assertion `t >= 0 && t < n_classes` failed.
/opt/conda/conda-bld/pytorch_1640811805959/work/aten/src/ATen/native/cuda/NLLLoss2d.cu:95: nll_loss2d_forward_kernel: block: [0,0,0], thread: [749,0,0] Assertion `t >= 0 && t < n_classes` failed.
/opt/conda/conda-bld/pytorch_1640811805959/work/aten/src/ATen/native/cuda/NLLLoss2d.cu:95: nll_loss2d_forward_kernel: block: [0,0,0], thread: [750,0,0] Assertion `t >= 0 && t < n_classes` failed.
/opt/conda/conda-bld/pytorch_1640811805959/work/aten/src/ATen/native/cuda/NLLLoss2d.cu:95: nll_loss2d_forward_kernel: block: [0,0,0], thread: [844,0,0] Assertion `t >= 0 && t < n_classes` failed.
/opt/conda/conda-bld/pytorch_1640811805959/work/aten/src/ATen/native/cuda/NLLLoss2d.cu:95: nll_loss2d_forward_kernel: block: [0,0,0], thread: [845,0,0] Assertion `t >= 0 && t < n_classes` failed.
/opt/conda/conda-bld/pytorch_1640811805959/work/aten/src/ATen/native/cuda/NLLLoss2d.cu:95: nll_loss2d_forward_kernel: block: [0,0,0], thread: [846,0,0] Assertion `t >= 0 && t < n_classes` failed.
/opt/conda/conda-bld/pytorch_1640811805959/work/aten/src/ATen/native/cuda/NLLLoss2d.cu:95: nll_loss2d_forward_kernel: block: [0,0,0], thread: [847,0,0] Assertion `t >= 0 && t < n_classes` failed.
/opt/conda/conda-bld/pytorch_1640811805959/work/aten/src/ATen/native/cuda/NLLLoss2d.cu:95: nll_loss2d_forward_kernel: block: [0,0,0], thread: [848,0,0] Assertion `t >= 0 && t < n_classes` failed.
/opt/conda/conda-bld/pytorch_1640811805959/work/aten/src/ATen/native/cuda/NLLLoss2d.cu:95: nll_loss2d_forward_kernel: block: [0,0,0], thread: [849,0,0] Assertion `t >= 0 && t < n_classes` failed.
/opt/conda/conda-bld/pytorch_1640811805959/work/aten/src/ATen/native/cuda/NLLLoss2d.cu:95: nll_loss2d_forward_kernel: block: [0,0,0], thread: [850,0,0] Assertion `t >= 0 && t < n_classes` failed.
/opt/conda/conda-bld/pytorch_1640811805959/work/aten/src/ATen/native/cuda/NLLLoss2d.cu:95: nll_loss2d_forward_kernel: block: [0,0,0], thread: [851,0,0] Assertion `t >= 0 && t < n_classes` failed.
/opt/conda/conda-bld/pytorch_1640811805959/work/aten/src/ATen/native/cuda/NLLLoss2d.cu:95: nll_loss2d_forward_kernel: block: [0,0,0], thread: [984,0,0] Assertion `t >= 0 && t < n_classes` failed.
/opt/conda/conda-bld/pytorch_1640811805959/work/aten/src/ATen/native/cuda/NLLLoss2d.cu:95: nll_loss2d_forward_kernel: block: [0,0,0], thread: [542,0,0] Assertion `t >= 0 && t < n_classes` failed.
/opt/conda/conda-bld/pytorch_1640811805959/work/aten/src/ATen/native/cuda/NLLLoss2d.cu:95: nll_loss2d_forward_kernel: block: [0,0,0], thread: [543,0,0] Assertion `t >= 0 && t < n_classes` failed.
/opt/conda/conda-bld/pytorch_1640811805959/work/aten/src/ATen/native/cuda/NLLLoss2d.cu:95: nll_loss2d_forward_kernel: block: [0,0,0], thread: [356,0,0] Assertion `t >= 0 && t < n_classes` failed.
/opt/conda/conda-bld/pytorch_1640811805959/work/aten/src/ATen/native/cuda/NLLLoss2d.cu:95: nll_loss2d_forward_kernel: block: [0,0,0], thread: [357,0,0] Assertion `t >= 0 && t < n_classes` failed.
/opt/conda/conda-bld/pytorch_1640811805959/work/aten/src/ATen/native/cuda/NLLLoss2d.cu:95: nll_loss2d_forward_kernel: block: [0,0,0], thread: [358,0,0] Assertion `t >= 0 && t < n_classes` failed.
/opt/conda/conda-bld/pytorch_1640811805959/work/aten/src/ATen/native/cuda/NLLLoss2d.cu:95: nll_loss2d_forward_kernel: block: [0,0,0], thread: [359,0,0] Assertion `t >= 0 && t < n_classes` failed.
/opt/conda/conda-bld/pytorch_1640811805959/work/aten/src/ATen/native/cuda/NLLLoss2d.cu:95: nll_loss2d_forward_kernel: block: [0,0,0], thread: [360,0,0] Assertion `t >= 0 && t < n_classes` failed.
/opt/conda/conda-bld/pytorch_1640811805959/work/aten/src/ATen/native/cuda/NLLLoss2d.cu:95: nll_loss2d_forward_kernel: block: [0,0,0], thread: [361,0,0] Assertion `t >= 0 && t < n_classes` failed.
/opt/conda/conda-bld/pytorch_1640811805959/work/aten/src/ATen/native/cuda/NLLLoss2d.cu:95: nll_loss2d_forward_kernel: block: [0,0,0], thread: [362,0,0] Assertion `t >= 0 && t < n_classes` failed.
/opt/conda/conda-bld/pytorch_1640811805959/work/aten/src/ATen/native/cuda/NLLLoss2d.cu:95: nll_loss2d_forward_kernel: block: [0,0,0], thread: [363,0,0] Assertion `t >= 0 && t < n_classes` failed.
/opt/conda/conda-bld/pytorch_1640811805959/work/aten/src/ATen/native/cuda/NLLLoss2d.cu:95: nll_loss2d_forward_kernel: block: [0,0,0], thread: [944,0,0] Assertion `t >= 0 && t < n_classes` failed.
/opt/conda/conda-bld/pytorch_1640811805959/work/aten/src/ATen/native/cuda/NLLLoss2d.cu:95: nll_loss2d_forward_kernel: block: [0,0,0], thread: [945,0,0] Assertion `t >= 0 && t < n_classes` failed.
/opt/conda/conda-bld/pytorch_1640811805959/work/aten/src/ATen/native/cuda/NLLLoss2d.cu:95: nll_loss2d_forward_kernel: block: [0,0,0], thread: [946,0,0] Assertion `t >= 0 && t < n_classes` failed.
/opt/conda/conda-bld/pytorch_1640811805959/work/aten/src/ATen/native/cuda/NLLLoss2d.cu:95: nll_loss2d_forward_kernel: block: [0,0,0], thread: [947,0,0] Assertion `t >= 0 && t < n_classes` failed.
/opt/conda/conda-bld/pytorch_1640811805959/work/aten/src/ATen/native/cuda/NLLLoss2d.cu:95: nll_loss2d_forward_kernel: block: [0,0,0], thread: [948,0,0] Assertion `t >= 0 && t < n_classes` failed.
/opt/conda/conda-bld/pytorch_1640811805959/work/aten/src/ATen/native/cuda/NLLLoss2d.cu:95: nll_loss2d_forward_kernel: block: [0,0,0], thread: [949,0,0] Assertion `t >= 0 && t < n_classes` failed.
/opt/conda/conda-bld/pytorch_1640811805959/work/aten/src/ATen/native/cuda/NLLLoss2d.cu:95: nll_loss2d_forward_kernel: block: [0,0,0], thread: [950,0,0] Assertion `t >= 0 && t < n_classes` failed.
/opt/conda/conda-bld/pytorch_1640811805959/work/aten/src/ATen/native/cuda/NLLLoss2d.cu:95: nll_loss2d_forward_kernel: block: [0,0,0], thread: [951,0,0] Assertion `t >= 0 && t < n_classes` failed.
/opt/conda/conda-bld/pytorch_1640811805959/work/aten/src/ATen/native/cuda/NLLLoss2d.cu:95: nll_loss2d_forward_kernel: block: [0,0,0], thread: [952,0,0] Assertion `t >= 0 && t < n_classes` failed.
/opt/conda/conda-bld/pytorch_1640811805959/work/aten/src/ATen/native/cuda/NLLLoss2d.cu:95: nll_loss2d_forward_kernel: block: [0,0,0], thread: [914,0,0] Assertion `t >= 0 && t < n_classes` failed.
/opt/conda/conda-bld/pytorch_1640811805959/work/aten/src/ATen/native/cuda/NLLLoss2d.cu:95: nll_loss2d_forward_kernel: block: [0,0,0], thread: [915,0,0] Assertion `t >= 0 && t < n_classes` failed.
/opt/conda/conda-bld/pytorch_1640811805959/work/aten/src/ATen/native/cuda/NLLLoss2d.cu:95: nll_loss2d_forward_kernel: block: [0,0,0], thread: [916,0,0] Assertion `t >= 0 && t < n_classes` failed.
/opt/conda/conda-bld/pytorch_1640811805959/work/aten/src/ATen/native/cuda/NLLLoss2d.cu:95: nll_loss2d_forward_kernel: block: [0,0,0], thread: [917,0,0] Assertion `t >= 0 && t < n_classes` failed.
/opt/conda/conda-bld/pytorch_1640811805959/work/aten/src/ATen/native/cuda/NLLLoss2d.cu:95: nll_loss2d_forward_kernel: block: [0,0,0], thread: [918,0,0] Assertion `t >= 0 && t < n_classes` failed.
/opt/conda/conda-bld/pytorch_1640811805959/work/aten/src/ATen/native/cuda/NLLLoss2d.cu:95: nll_loss2d_forward_kernel: block: [0,0,0], thread: [919,0,0] Assertion `t >= 0 && t < n_classes` failed.
/opt/conda/conda-bld/pytorch_1640811805959/work/aten/src/ATen/native/cuda/NLLLoss2d.cu:95: nll_loss2d_forward_kernel: block: [0,0,0], thread: [920,0,0] Assertion `t >= 0 && t < n_classes` failed.
/opt/conda/conda-bld/pytorch_1640811805959/work/aten/src/ATen/native/cuda/NLLLoss2d.cu:95: nll_loss2d_forward_kernel: block: [0,0,0], thread: [921,0,0] Assertion `t >= 0 && t < n_classes` failed.
/opt/conda/conda-bld/pytorch_1640811805959/work/aten/src/ATen/native/cuda/NLLLoss2d.cu:95: nll_loss2d_forward_kernel: block: [0,0,0], thread: [36,0,0] Assertion `t >= 0 && t < n_classes` failed.
/opt/conda/conda-bld/pytorch_1640811805959/work/aten/src/ATen/native/cuda/NLLLoss2d.cu:95: nll_loss2d_forward_kernel: block: [0,0,0], thread: [37,0,0] Assertion `t >= 0 && t < n_classes` failed.
/opt/conda/conda-bld/pytorch_1640811805959/work/aten/src/ATen/native/cuda/NLLLoss2d.cu:95: nll_loss2d_forward_kernel: block: [0,0,0], thread: [38,0,0] Assertion `t >= 0 && t < n_classes` failed.
/opt/conda/conda-bld/pytorch_1640811805959/work/aten/src/ATen/native/cuda/NLLLoss2d.cu:95: nll_loss2d_forward_kernel: block: [0,0,0], thread: [39,0,0] Assertion `t >= 0 && t < n_classes` failed.
/opt/conda/conda-bld/pytorch_1640811805959/work/aten/src/ATen/native/cuda/NLLLoss2d.cu:95: nll_loss2d_forward_kernel: block: [0,0,0], thread: [40,0,0] Assertion `t >= 0 && t < n_classes` failed.
/opt/conda/conda-bld/pytorch_1640811805959/work/aten/src/ATen/native/cuda/NLLLoss2d.cu:95: nll_loss2d_forward_kernel: block: [0,0,0], thread: [41,0,0] Assertion `t >= 0 && t < n_classes` failed.
/opt/conda/conda-bld/pytorch_1640811805959/work/aten/src/ATen/native/cuda/NLLLoss2d.cu:95: nll_loss2d_forward_kernel: block: [0,0,0], thread: [42,0,0] Assertion `t >= 0 && t < n_classes` failed.
/opt/conda/conda-bld/pytorch_1640811805959/work/aten/src/ATen/native/cuda/NLLLoss2d.cu:95: nll_loss2d_forward_kernel: block: [0,0,0], thread: [43,0,0] Assertion `t >= 0 && t < n_classes` failed.
/opt/conda/conda-bld/pytorch_1640811805959/work/aten/src/ATen/native/cuda/NLLLoss2d.cu:95: nll_loss2d_forward_kernel: block: [0,0,0], thread: [44,0,0] Assertion `t >= 0 && t < n_classes` failed.
/opt/conda/conda-bld/pytorch_1640811805959/work/aten/src/ATen/native/cuda/NLLLoss2d.cu:95: nll_loss2d_forward_kernel: block: [0,0,0], thread: [45,0,0] Assertion `t >= 0 && t < n_classes` failed.
/opt/conda/conda-bld/pytorch_1640811805959/work/aten/src/ATen/native/cuda/NLLLoss2d.cu:95: nll_loss2d_forward_kernel: block: [0,0,0], thread: [46,0,0] Assertion `t >= 0 && t < n_classes` failed.
/opt/conda/conda-bld/pytorch_1640811805959/work/aten/src/ATen/native/cuda/NLLLoss2d.cu:95: nll_loss2d_forward_kernel: block: [0,0,0], thread: [223,0,0] Assertion `t >= 0 && t < n_classes` failed.
/opt/conda/conda-bld/pytorch_1640811805959/work/aten/src/ATen/native/cuda/NLLLoss2d.cu:95: nll_loss2d_forward_kernel: block: [0,0,0], thread: [137,0,0] Assertion `t >= 0 && t < n_classes` failed.
/opt/conda/conda-bld/pytorch_1640811805959/work/aten/src/ATen/native/cuda/NLLLoss2d.cu:95: nll_loss2d_forward_kernel: block: [0,0,0], thread: [138,0,0] Assertion `t >= 0 && t < n_classes` failed.
/opt/conda/conda-bld/pytorch_1640811805959/work/aten/src/ATen/native/cuda/NLLLoss2d.cu:95: nll_loss2d_forward_kernel: block: [0,0,0], thread: [139,0,0] Assertion `t >= 0 && t < n_classes` failed.
/opt/conda/conda-bld/pytorch_1640811805959/work/aten/src/ATen/native/cuda/NLLLoss2d.cu:95: nll_loss2d_forward_kernel: block: [0,0,0], thread: [140,0,0] Assertion `t >= 0 && t < n_classes` failed.
/opt/conda/conda-bld/pytorch_1640811805959/work/aten/src/ATen/native/cuda/NLLLoss2d.cu:95: nll_loss2d_forward_kernel: block: [0,0,0], thread: [141,0,0] Assertion `t >= 0 && t < n_classes` failed.
/opt/conda/conda-bld/pytorch_1640811805959/work/aten/src/ATen/native/cuda/NLLLoss2d.cu:95: nll_loss2d_forward_kernel: block: [0,0,0], thread: [142,0,0] Assertion `t >= 0 && t < n_classes` failed.
/opt/conda/conda-bld/pytorch_1640811805959/work/aten/src/ATen/native/cuda/NLLLoss2d.cu:95: nll_loss2d_forward_kernel: block: [0,0,0], thread: [143,0,0] Assertion `t >= 0 && t < n_classes` failed.
/opt/conda/conda-bld/pytorch_1640811805959/work/aten/src/ATen/native/cuda/NLLLoss2d.cu:95: nll_loss2d_forward_kernel: block: [0,0,0], thread: [144,0,0] Assertion `t >= 0 && t < n_classes` failed.
/opt/conda/conda-bld/pytorch_1640811805959/work/aten/src/ATen/native/cuda/NLLLoss2d.cu:95: nll_loss2d_forward_kernel: block: [0,0,0], thread: [145,0,0] Assertion `t >= 0 && t < n_classes` failed.
/opt/conda/conda-bld/pytorch_1640811805959/work/aten/src/ATen/native/cuda/NLLLoss2d.cu:95: nll_loss2d_forward_kernel: block: [0,0,0], thread: [146,0,0] Assertion `t >= 0 && t < n_classes` failed.
/opt/conda/conda-bld/pytorch_1640811805959/work/aten/src/ATen/native/cuda/NLLLoss2d.cu:95: nll_loss2d_forward_kernel: block: [0,0,0], thread: [147,0,0] Assertion `t >= 0 && t < n_classes` failed.
/opt/conda/conda-bld/pytorch_1640811805959/work/aten/src/ATen/native/cuda/NLLLoss2d.cu:95: nll_loss2d_forward_kernel: block: [0,0,0], thread: [339,0,0] Assertion `t >= 0 && t < n_classes` failed.
/opt/conda/conda-bld/pytorch_1640811805959/work/aten/src/ATen/native/cuda/NLLLoss2d.cu:95: nll_loss2d_forward_kernel: block: [0,0,0], thread: [340,0,0] Assertion `t >= 0 && t < n_classes` failed.
/opt/conda/conda-bld/pytorch_1640811805959/work/aten/src/ATen/native/cuda/NLLLoss2d.cu:95: nll_loss2d_forward_kernel: block: [0,0,0], thread: [341,0,0] Assertion `t >= 0 && t < n_classes` failed.
/opt/conda/conda-bld/pytorch_1640811805959/work/aten/src/ATen/native/cuda/NLLLoss2d.cu:95: nll_loss2d_forward_kernel: block: [0,0,0], thread: [342,0,0] Assertion `t >= 0 && t < n_classes` failed.
/opt/conda/conda-bld/pytorch_1640811805959/work/aten/src/ATen/native/cuda/NLLLoss2d.cu:95: nll_loss2d_forward_kernel: block: [0,0,0], thread: [343,0,0] Assertion `t >= 0 && t < n_classes` failed.
/opt/conda/conda-bld/pytorch_1640811805959/work/aten/src/ATen/native/cuda/NLLLoss2d.cu:95: nll_loss2d_forward_kernel: block: [0,0,0], thread: [344,0,0] Assertion `t >= 0 && t < n_classes` failed.
/opt/conda/conda-bld/pytorch_1640811805959/work/aten/src/ATen/native/cuda/NLLLoss2d.cu:95: nll_loss2d_forward_kernel: block: [0,0,0], thread: [345,0,0] Assertion `t >= 0 && t < n_classes` failed.
/opt/conda/conda-bld/pytorch_1640811805959/work/aten/src/ATen/native/cuda/NLLLoss2d.cu:95: nll_loss2d_forward_kernel: block: [0,0,0], thread: [346,0,0] Assertion `t >= 0 && t < n_classes` failed.
/opt/conda/conda-bld/pytorch_1640811805959/work/aten/src/ATen/native/cuda/NLLLoss2d.cu:95: nll_loss2d_forward_kernel: block: [0,0,0], thread: [347,0,0] Assertion `t >= 0 && t < n_classes` failed.
/opt/conda/conda-bld/pytorch_1640811805959/work/aten/src/ATen/native/cuda/NLLLoss2d.cu:95: nll_loss2d_forward_kernel: block: [0,0,0], thread: [348,0,0] Assertion `t >= 0 && t < n_classes` failed.
/opt/conda/conda-bld/pytorch_1640811805959/work/aten/src/ATen/native/cuda/NLLLoss2d.cu:95: nll_loss2d_forward_kernel: block: [0,0,0], thread: [486,0,0] Assertion `t >= 0 && t < n_classes` failed.
/opt/conda/conda-bld/pytorch_1640811805959/work/aten/src/ATen/native/cuda/NLLLoss2d.cu:95: nll_loss2d_forward_kernel: block: [0,0,0], thread: [487,0,0] Assertion `t >= 0 && t < n_classes` failed.
/opt/conda/conda-bld/pytorch_1640811805959/work/aten/src/ATen/native/cuda/NLLLoss2d.cu:95: nll_loss2d_forward_kernel: block: [0,0,0], thread: [511,0,0] Assertion `t >= 0 && t < n_classes` failed.
/opt/conda/conda-bld/pytorch_1640811805959/work/aten/src/ATen/native/cuda/NLLLoss2d.cu:95: nll_loss2d_forward_kernel: block: [0,0,0], thread: [441,0,0] Assertion `t >= 0 && t < n_classes` failed.
/opt/conda/conda-bld/pytorch_1640811805959/work/aten/src/ATen/native/cuda/NLLLoss2d.cu:95: nll_loss2d_forward_kernel: block: [0,0,0], thread: [442,0,0] Assertion `t >= 0 && t < n_classes` failed.
/opt/conda/conda-bld/pytorch_1640811805959/work/aten/src/ATen/native/cuda/NLLLoss2d.cu:95: nll_loss2d_forward_kernel: block: [0,0,0], thread: [443,0,0] Assertion `t >= 0 && t < n_classes` failed.
/opt/conda/conda-bld/pytorch_1640811805959/work/aten/src/ATen/native/cuda/NLLLoss2d.cu:95: nll_loss2d_forward_kernel: block: [0,0,0], thread: [444,0,0] Assertion `t >= 0 && t < n_classes` failed.
/opt/conda/conda-bld/pytorch_1640811805959/work/aten/src/ATen/native/cuda/NLLLoss2d.cu:95: nll_loss2d_forward_kernel: block: [0,0,0], thread: [445,0,0] Assertion `t >= 0 && t < n_classes` failed.
/opt/conda/conda-bld/pytorch_1640811805959/work/aten/src/ATen/native/cuda/NLLLoss2d.cu:95: nll_loss2d_forward_kernel: block: [0,0,0], thread: [446,0,0] Assertion `t >= 0 && t < n_classes` failed.
/opt/conda/conda-bld/pytorch_1640811805959/work/aten/src/ATen/native/cuda/NLLLoss2d.cu:95: nll_loss2d_forward_kernel: block: [0,0,0], thread: [447,0,0] Assertion `t >= 0 && t < n_classes` failed.
/opt/conda/conda-bld/pytorch_1640811805959/work/aten/src/ATen/native/cuda/NLLLoss2d.cu:95: nll_loss2d_forward_kernel: block: [0,0,0], thread: [238,0,0] Assertion `t >= 0 && t < n_classes` failed.
/opt/conda/conda-bld/pytorch_1640811805959/work/aten/src/ATen/native/cuda/NLLLoss2d.cu:95: nll_loss2d_forward_kernel: block: [0,0,0], thread: [239,0,0] Assertion `t >= 0 && t < n_classes` failed.
/opt/conda/conda-bld/pytorch_1640811805959/work/aten/src/ATen/native/cuda/NLLLoss2d.cu:95: nll_loss2d_forward_kernel: block: [0,0,0], thread: [240,0,0] Assertion `t >= 0 && t < n_classes` failed.
/opt/conda/conda-bld/pytorch_1640811805959/work/aten/src/ATen/native/cuda/NLLLoss2d.cu:95: nll_loss2d_forward_kernel: block: [0,0,0], thread: [241,0,0] Assertion `t >= 0 && t < n_classes` failed.
/opt/conda/conda-bld/pytorch_1640811805959/work/aten/src/ATen/native/cuda/NLLLoss2d.cu:95: nll_loss2d_forward_kernel: block: [0,0,0], thread: [242,0,0] Assertion `t >= 0 && t < n_classes` failed.
/opt/conda/conda-bld/pytorch_1640811805959/work/aten/src/ATen/native/cuda/NLLLoss2d.cu:95: nll_loss2d_forward_kernel: block: [0,0,0], thread: [243,0,0] Assertion `t >= 0 && t < n_classes` failed.
/opt/conda/conda-bld/pytorch_1640811805959/work/aten/src/ATen/native/cuda/NLLLoss2d.cu:95: nll_loss2d_forward_kernel: block: [0,0,0], thread: [244,0,0] Assertion `t >= 0 && t < n_classes` failed.
/opt/conda/conda-bld/pytorch_1640811805959/work/aten/src/ATen/native/cuda/NLLLoss2d.cu:95: nll_loss2d_forward_kernel: block: [0,0,0], thread: [245,0,0] Assertion `t >= 0 && t < n_classes` failed.
/opt/conda/conda-bld/pytorch_1640811805959/work/aten/src/ATen/native/cuda/NLLLoss2d.cu:95: nll_loss2d_forward_kernel: block: [0,0,0], thread: [246,0,0] Assertion `t >= 0 && t < n_classes` failed.
/opt/conda/conda-bld/pytorch_1640811805959/work/aten/src/ATen/native/cuda/NLLLoss2d.cu:95: nll_loss2d_forward_kernel: block: [0,0,0], thread: [247,0,0] Assertion `t >= 0 && t < n_classes` failed.
/opt/conda/conda-bld/pytorch_1640811805959/work/aten/src/ATen/native/cuda/NLLLoss2d.cu:95: nll_loss2d_forward_kernel: block: [0,0,0], thread: [248,0,0] Assertion `t >= 0 && t < n_classes` failed.
/opt/conda/conda-bld/pytorch_1640811805959/work/aten/src/ATen/native/cuda/NLLLoss2d.cu:95: nll_loss2d_forward_kernel: block: [0,0,0], thread: [816,0,0] Assertion `t >= 0 && t < n_classes` failed.
/opt/conda/conda-bld/pytorch_1640811805959/work/aten/src/ATen/native/cuda/NLLLoss2d.cu:95: nll_loss2d_forward_kernel: block: [0,0,0], thread: [817,0,0] Assertion `t >= 0 && t < n_classes` failed.
/opt/conda/conda-bld/pytorch_1640811805959/work/aten/src/ATen/native/cuda/NLLLoss2d.cu:95: nll_loss2d_forward_kernel: block: [0,0,0], thread: [818,0,0] Assertion `t >= 0 && t < n_classes` failed.
/opt/conda/conda-bld/pytorch_1640811805959/work/aten/src/ATen/native/cuda/NLLLoss2d.cu:95: nll_loss2d_forward_kernel: block: [0,0,0], thread: [819,0,0] Assertion `t >= 0 && t < n_classes` failed.
/opt/conda/conda-bld/pytorch_1640811805959/work/aten/src/ATen/native/cuda/NLLLoss2d.cu:95: nll_loss2d_forward_kernel: block: [0,0,0], thread: [820,0,0] Assertion `t >= 0 && t < n_classes` failed.
/opt/conda/conda-bld/pytorch_1640811805959/work/aten/src/ATen/native/cuda/NLLLoss2d.cu:95: nll_loss2d_forward_kernel: block: [0,0,0], thread: [821,0,0] Assertion `t >= 0 && t < n_classes` failed.
/opt/conda/conda-bld/pytorch_1640811805959/work/aten/src/ATen/native/cuda/NLLLoss2d.cu:95: nll_loss2d_forward_kernel: block: [0,0,0], thread: [822,0,0] Assertion `t >= 0 && t < n_classes` failed.
/opt/conda/conda-bld/pytorch_1640811805959/work/aten/src/ATen/native/cuda/NLLLoss2d.cu:95: nll_loss2d_forward_kernel: block: [0,0,0], thread: [823,0,0] Assertion `t >= 0 && t < n_classes` failed.
/opt/conda/conda-bld/pytorch_1640811805959/work/aten/src/ATen/native/cuda/NLLLoss2d.cu:95: nll_loss2d_forward_kernel: block: [0,0,0], thread: [827,0,0] Assertion `t >= 0 && t < n_classes` failed.
/opt/conda/conda-bld/pytorch_1640811805959/work/aten/src/ATen/native/cuda/NLLLoss2d.cu:95: nll_loss2d_forward_kernel: block: [0,0,0], thread: [828,0,0] Assertion `t >= 0 && t < n_classes` failed.
/opt/conda/conda-bld/pytorch_1640811805959/work/aten/src/ATen/native/cuda/NLLLoss2d.cu:95: nll_loss2d_forward_kernel: block: [0,0,0], thread: [829,0,0] Assertion `t >= 0 && t < n_classes` failed.
/opt/conda/conda-bld/pytorch_1640811805959/work/aten/src/ATen/native/cuda/NLLLoss2d.cu:95: nll_loss2d_forward_kernel: block: [0,0,0], thread: [830,0,0] Assertion `t >= 0 && t < n_classes` failed.
/opt/conda/conda-bld/pytorch_1640811805959/work/aten/src/ATen/native/cuda/NLLLoss2d.cu:95: nll_loss2d_forward_kernel: block: [0,0,0], thread: [831,0,0] Assertion `t >= 0 && t < n_classes` failed.
/opt/conda/conda-bld/pytorch_1640811805959/work/aten/src/ATen/native/cuda/NLLLoss2d.cu:95: nll_loss2d_forward_kernel: block: [0,0,0], thread: [387,0,0] Assertion `t >= 0 && t < n_classes` failed.
/opt/conda/conda-bld/pytorch_1640811805959/work/aten/src/ATen/native/cuda/NLLLoss2d.cu:95: nll_loss2d_forward_kernel: block: [0,0,0], thread: [388,0,0] Assertion `t >= 0 && t < n_classes` failed.
/opt/conda/conda-bld/pytorch_1640811805959/work/aten/src/ATen/native/cuda/NLLLoss2d.cu:95: nll_loss2d_forward_kernel: block: [0,0,0], thread: [410,0,0] Assertion `t >= 0 && t < n_classes` failed.
/opt/conda/conda-bld/pytorch_1640811805959/work/aten/src/ATen/native/cuda/NLLLoss2d.cu:95: nll_loss2d_forward_kernel: block: [0,0,0], thread: [411,0,0] Assertion `t >= 0 && t < n_classes` failed.
/opt/conda/conda-bld/pytorch_1640811805959/work/aten/src/ATen/native/cuda/NLLLoss2d.cu:95: nll_loss2d_forward_kernel: block: [0,0,0], thread: [412,0,0] Assertion `t >= 0 && t < n_classes` failed.
/opt/conda/conda-bld/pytorch_1640811805959/work/aten/src/ATen/native/cuda/NLLLoss2d.cu:95: nll_loss2d_forward_kernel: block: [0,0,0], thread: [413,0,0] Assertion `t >= 0 && t < n_classes` failed.
/opt/conda/conda-bld/pytorch_1640811805959/work/aten/src/ATen/native/cuda/NLLLoss2d.cu:95: nll_loss2d_forward_kernel: block: [0,0,0], thread: [414,0,0] Assertion `t >= 0 && t < n_classes` failed.
/opt/conda/conda-bld/pytorch_1640811805959/work/aten/src/ATen/native/cuda/NLLLoss2d.cu:95: nll_loss2d_forward_kernel: block: [0,0,0], thread: [415,0,0] Assertion `t >= 0 && t < n_classes` failed.
/opt/conda/conda-bld/pytorch_1640811805959/work/aten/src/ATen/native/cuda/NLLLoss2d.cu:95: nll_loss2d_forward_kernel: block: [0,0,0], thread: [21,0,0] Assertion `t >= 0 && t < n_classes` failed.
/opt/conda/conda-bld/pytorch_1640811805959/work/aten/src/ATen/native/cuda/NLLLoss2d.cu:95: nll_loss2d_forward_kernel: block: [0,0,0], thread: [22,0,0] Assertion `t >= 0 && t < n_classes` failed.
/opt/conda/conda-bld/pytorch_1640811805959/work/aten/src/ATen/native/cuda/NLLLoss2d.cu:95: nll_loss2d_forward_kernel: block: [0,0,0], thread: [23,0,0] Assertion `t >= 0 && t < n_classes` failed.
/opt/conda/conda-bld/pytorch_1640811805959/work/aten/src/ATen/native/cuda/NLLLoss2d.cu:95: nll_loss2d_forward_kernel: block: [0,0,0], thread: [24,0,0] Assertion `t >= 0 && t < n_classes` failed.
/opt/conda/conda-bld/pytorch_1640811805959/work/aten/src/ATen/native/cuda/NLLLoss2d.cu:95: nll_loss2d_forward_kernel: block: [0,0,0], thread: [25,0,0] Assertion `t >= 0 && t < n_classes` failed.
/opt/conda/conda-bld/pytorch_1640811805959/work/aten/src/ATen/native/cuda/NLLLoss2d.cu:95: nll_loss2d_forward_kernel: block: [0,0,0], thread: [26,0,0] Assertion `t >= 0 && t < n_classes` failed.
/opt/conda/conda-bld/pytorch_1640811805959/work/aten/src/ATen/native/cuda/NLLLoss2d.cu:95: nll_loss2d_forward_kernel: block: [0,0,0], thread: [27,0,0] Assertion `t >= 0 && t < n_classes` failed.
/opt/conda/conda-bld/pytorch_1640811805959/work/aten/src/ATen/native/cuda/NLLLoss2d.cu:95: nll_loss2d_forward_kernel: block: [0,0,0], thread: [28,0,0] Assertion `t >= 0 && t < n_classes` failed.
/opt/conda/conda-bld/pytorch_1640811805959/work/aten/src/ATen/native/cuda/NLLLoss2d.cu:95: nll_loss2d_forward_kernel: block: [0,0,0], thread: [29,0,0] Assertion `t >= 0 && t < n_classes` failed.
/opt/conda/conda-bld/pytorch_1640811805959/work/aten/src/ATen/native/cuda/NLLLoss2d.cu:95: nll_loss2d_forward_kernel: block: [0,0,0], thread: [122,0,0] Assertion `t >= 0 && t < n_classes` failed.
/opt/conda/conda-bld/pytorch_1640811805959/work/aten/src/ATen/native/cuda/NLLLoss2d.cu:95: nll_loss2d_forward_kernel: block: [0,0,0], thread: [123,0,0] Assertion `t >= 0 && t < n_classes` failed.
/opt/conda/conda-bld/pytorch_1640811805959/work/aten/src/ATen/native/cuda/NLLLoss2d.cu:95: nll_loss2d_forward_kernel: block: [0,0,0], thread: [124,0,0] Assertion `t >= 0 && t < n_classes` failed.
/opt/conda/conda-bld/pytorch_1640811805959/work/aten/src/ATen/native/cuda/NLLLoss2d.cu:95: nll_loss2d_forward_kernel: block: [0,0,0], thread: [125,0,0] Assertion `t >= 0 && t < n_classes` failed.
/opt/conda/conda-bld/pytorch_1640811805959/work/aten/src/ATen/native/cuda/NLLLoss2d.cu:95: nll_loss2d_forward_kernel: block: [0,0,0], thread: [126,0,0] Assertion `t >= 0 && t < n_classes` failed.
/opt/conda/conda-bld/pytorch_1640811805959/work/aten/src/ATen/native/cuda/NLLLoss2d.cu:95: nll_loss2d_forward_kernel: block: [0,0,0], thread: [127,0,0] Assertion `t >= 0 && t < n_classes` failed.
/opt/conda/conda-bld/pytorch_1640811805959/work/aten/src/ATen/native/cuda/NLLLoss2d.cu:95: nll_loss2d_forward_kernel: block: [0,0,0], thread: [1000,0,0] Assertion `t >= 0 && t < n_classes` failed.
/opt/conda/conda-bld/pytorch_1640811805959/work/aten/src/ATen/native/cuda/NLLLoss2d.cu:95: nll_loss2d_forward_kernel: block: [0,0,0], thread: [1001,0,0] Assertion `t >= 0 && t < n_classes` failed.
/opt/conda/conda-bld/pytorch_1640811805959/work/aten/src/ATen/native/cuda/NLLLoss2d.cu:95: nll_loss2d_forward_kernel: block: [0,0,0], thread: [1002,0,0] Assertion `t >= 0 && t < n_classes` failed.
/opt/conda/conda-bld/pytorch_1640811805959/work/aten/src/ATen/native/cuda/NLLLoss2d.cu:95: nll_loss2d_forward_kernel: block: [0,0,0], thread: [1003,0,0] Assertion `t >= 0 && t < n_classes` failed.
/opt/conda/conda-bld/pytorch_1640811805959/work/aten/src/ATen/native/cuda/NLLLoss2d.cu:95: nll_loss2d_forward_kernel: block: [0,0,0], thread: [1004,0,0] Assertion `t >= 0 && t < n_classes` failed.
/opt/conda/conda-bld/pytorch_1640811805959/work/aten/src/ATen/native/cuda/NLLLoss2d.cu:95: nll_loss2d_forward_kernel: block: [0,0,0], thread: [1005,0,0] Assertion `t >= 0 && t < n_classes` failed.
/opt/conda/conda-bld/pytorch_1640811805959/work/aten/src/ATen/native/cuda/NLLLoss2d.cu:95: nll_loss2d_forward_kernel: block: [0,0,0], thread: [1006,0,0] Assertion `t >= 0 && t < n_classes` failed.
/opt/conda/conda-bld/pytorch_1640811805959/work/aten/src/ATen/native/cuda/NLLLoss2d.cu:95: nll_loss2d_forward_kernel: block: [0,0,0], thread: [1007,0,0] Assertion `t >= 0 && t < n_classes` failed.
/opt/conda/conda-bld/pytorch_1640811805959/work/aten/src/ATen/native/cuda/NLLLoss2d.cu:95: nll_loss2d_forward_kernel: block: [0,0,0], thread: [1008,0,0] Assertion `t >= 0 && t < n_classes` failed.
/opt/conda/conda-bld/pytorch_1640811805959/work/aten/src/ATen/native/cuda/NLLLoss2d.cu:95: nll_loss2d_forward_kernel: block: [0,0,0], thread: [1009,0,0] Assertion `t >= 0 && t < n_classes` failed.
/opt/conda/conda-bld/pytorch_1640811805959/work/aten/src/ATen/native/cuda/NLLLoss2d.cu:95: nll_loss2d_forward_kernel: block: [0,0,0], thread: [1010,0,0] Assertion `t >= 0 && t < n_classes` failed.
/opt/conda/conda-bld/pytorch_1640811805959/work/aten/src/ATen/native/cuda/NLLLoss2d.cu:95: nll_loss2d_forward_kernel: block: [0,0,0], thread: [1011,0,0] Assertion `t >= 0 && t < n_classes` failed.
/opt/conda/conda-bld/pytorch_1640811805959/work/aten/src/ATen/native/cuda/NLLLoss2d.cu:95: nll_loss2d_forward_kernel: block: [0,0,0], thread: [1012,0,0] Assertion `t >= 0 && t < n_classes` failed.
/opt/conda/conda-bld/pytorch_1640811805959/work/aten/src/ATen/native/cuda/NLLLoss2d.cu:95: nll_loss2d_forward_kernel: block: [0,0,0], thread: [1013,0,0] Assertion `t >= 0 && t < n_classes` failed.
/opt/conda/conda-bld/pytorch_1640811805959/work/aten/src/ATen/native/cuda/NLLLoss2d.cu:95: nll_loss2d_forward_kernel: block: [0,0,0], thread: [1014,0,0] Assertion `t >= 0 && t < n_classes` failed.
/opt/conda/conda-bld/pytorch_1640811805959/work/aten/src/ATen/native/cuda/NLLLoss2d.cu:95: nll_loss2d_forward_kernel: block: [0,0,0], thread: [1015,0,0] Assertion `t >= 0 && t < n_classes` failed.
/opt/conda/conda-bld/pytorch_1640811805959/work/aten/src/ATen/native/cuda/NLLLoss2d.cu:95: nll_loss2d_forward_kernel: block: [0,0,0], thread: [1016,0,0] Assertion `t >= 0 && t < n_classes` failed.
/opt/conda/conda-bld/pytorch_1640811805959/work/aten/src/ATen/native/cuda/NLLLoss2d.cu:95: nll_loss2d_forward_kernel: block: [0,0,0], thread: [1017,0,0] Assertion `t >= 0 && t < n_classes` failed.
/opt/conda/conda-bld/pytorch_1640811805959/work/aten/src/ATen/native/cuda/NLLLoss2d.cu:95: nll_loss2d_forward_kernel: block: [0,0,0], thread: [1018,0,0] Assertion `t >= 0 && t < n_classes` failed.
/opt/conda/conda-bld/pytorch_1640811805959/work/aten/src/ATen/native/cuda/NLLLoss2d.cu:95: nll_loss2d_forward_kernel: block: [0,0,0], thread: [1019,0,0] Assertion `t >= 0 && t < n_classes` failed.
/opt/conda/conda-bld/pytorch_1640811805959/work/aten/src/ATen/native/cuda/NLLLoss2d.cu:95: nll_loss2d_forward_kernel: block: [0,0,0], thread: [1020,0,0] Assertion `t >= 0 && t < n_classes` failed.
/opt/conda/conda-bld/pytorch_1640811805959/work/aten/src/ATen/native/cuda/NLLLoss2d.cu:95: nll_loss2d_forward_kernel: block: [0,0,0], thread: [621,0,0] Assertion `t >= 0 && t < n_classes` failed.
/opt/conda/conda-bld/pytorch_1640811805959/work/aten/src/ATen/native/cuda/NLLLoss2d.cu:95: nll_loss2d_forward_kernel: block: [0,0,0], thread: [622,0,0] Assertion `t >= 0 && t < n_classes` failed.
/opt/conda/conda-bld/pytorch_1640811805959/work/aten/src/ATen/native/cuda/NLLLoss2d.cu:95: nll_loss2d_forward_kernel: block: [0,0,0], thread: [623,0,0] Assertion `t >= 0 && t < n_classes` failed.
/opt/conda/conda-bld/pytorch_1640811805959/work/aten/src/ATen/native/cuda/NLLLoss2d.cu:95: nll_loss2d_forward_kernel: block: [0,0,0], thread: [624,0,0] Assertion `t >= 0 && t < n_classes` failed.
/opt/conda/conda-bld/pytorch_1640811805959/work/aten/src/ATen/native/cuda/NLLLoss2d.cu:95: nll_loss2d_forward_kernel: block: [0,0,0], thread: [625,0,0] Assertion `t >= 0 && t < n_classes` failed.
/opt/conda/conda-bld/pytorch_1640811805959/work/aten/src/ATen/native/cuda/NLLLoss2d.cu:95: nll_loss2d_forward_kernel: block: [0,0,0], thread: [626,0,0] Assertion `t >= 0 && t < n_classes` failed.
/opt/conda/conda-bld/pytorch_1640811805959/work/aten/src/ATen/native/cuda/NLLLoss2d.cu:95: nll_loss2d_forward_kernel: block: [0,0,0], thread: [627,0,0] Assertion `t >= 0 && t < n_classes` failed.
/opt/conda/conda-bld/pytorch_1640811805959/work/aten/src/ATen/native/cuda/NLLLoss2d.cu:95: nll_loss2d_forward_kernel: block: [0,0,0], thread: [628,0,0] Assertion `t >= 0 && t < n_classes` failed.
/opt/conda/conda-bld/pytorch_1640811805959/work/aten/src/ATen/native/cuda/NLLLoss2d.cu:95: nll_loss2d_forward_kernel: block: [0,0,0], thread: [629,0,0] Assertion `t >= 0 && t < n_classes` failed.
/opt/conda/conda-bld/pytorch_1640811805959/work/aten/src/ATen/native/cuda/NLLLoss2d.cu:95: nll_loss2d_forward_kernel: block: [0,0,0], thread: [630,0,0] Assertion `t >= 0 && t < n_classes` failed.
/opt/conda/conda-bld/pytorch_1640811805959/work/aten/src/ATen/native/cuda/NLLLoss2d.cu:95: nll_loss2d_forward_kernel: block: [0,0,0], thread: [631,0,0] Assertion `t >= 0 && t < n_classes` failed.
/opt/conda/conda-bld/pytorch_1640811805959/work/aten/src/ATen/native/cuda/NLLLoss2d.cu:95: nll_loss2d_forward_kernel: block: [0,0,0], thread: [632,0,0] Assertion `t >= 0 && t < n_classes` failed.
/opt/conda/conda-bld/pytorch_1640811805959/work/aten/src/ATen/native/cuda/NLLLoss2d.cu:95: nll_loss2d_forward_kernel: block: [0,0,0], thread: [633,0,0] Assertion `t >= 0 && t < n_classes` failed.
/opt/conda/conda-bld/pytorch_1640811805959/work/aten/src/ATen/native/cuda/NLLLoss2d.cu:95: nll_loss2d_forward_kernel: block: [0,0,0], thread: [634,0,0] Assertion `t >= 0 && t < n_classes` failed.
/opt/conda/conda-bld/pytorch_1640811805959/work/aten/src/ATen/native/cuda/NLLLoss2d.cu:95: nll_loss2d_forward_kernel: block: [0,0,0], thread: [635,0,0] Assertion `t >= 0 && t < n_classes` failed.
/opt/conda/conda-bld/pytorch_1640811805959/work/aten/src/ATen/native/cuda/NLLLoss2d.cu:95: nll_loss2d_forward_kernel: block: [0,0,0], thread: [636,0,0] Assertion `t >= 0 && t < n_classes` failed.
/opt/conda/conda-bld/pytorch_1640811805959/work/aten/src/ATen/native/cuda/NLLLoss2d.cu:95: nll_loss2d_forward_kernel: block: [0,0,0], thread: [288,0,0] Assertion `t >= 0 && t < n_classes` failed.
/opt/conda/conda-bld/pytorch_1640811805959/work/aten/src/ATen/native/cuda/NLLLoss2d.cu:95: nll_loss2d_forward_kernel: block: [0,0,0], thread: [289,0,0] Assertion `t >= 0 && t < n_classes` failed.
/opt/conda/conda-bld/pytorch_1640811805959/work/aten/src/ATen/native/cuda/NLLLoss2d.cu:95: nll_loss2d_forward_kernel: block: [0,0,0], thread: [310,0,0] Assertion `t >= 0 && t < n_classes` failed.
/opt/conda/conda-bld/pytorch_1640811805959/work/aten/src/ATen/native/cuda/NLLLoss2d.cu:95: nll_loss2d_forward_kernel: block: [0,0,0], thread: [311,0,0] Assertion `t >= 0 && t < n_classes` failed.
/opt/conda/conda-bld/pytorch_1640811805959/work/aten/src/ATen/native/cuda/NLLLoss2d.cu:95: nll_loss2d_forward_kernel: block: [0,0,0], thread: [312,0,0] Assertion `t >= 0 && t < n_classes` failed.
/opt/conda/conda-bld/pytorch_1640811805959/work/aten/src/ATen/native/cuda/NLLLoss2d.cu:95: nll_loss2d_forward_kernel: block: [0,0,0], thread: [313,0,0] Assertion `t >= 0 && t < n_classes` failed.
/opt/conda/conda-bld/pytorch_1640811805959/work/aten/src/ATen/native/cuda/NLLLoss2d.cu:95: nll_loss2d_forward_kernel: block: [0,0,0], thread: [314,0,0] Assertion `t >= 0 && t < n_classes` failed.
/opt/conda/conda-bld/pytorch_1640811805959/work/aten/src/ATen/native/cuda/NLLLoss2d.cu:95: nll_loss2d_forward_kernel: block: [0,0,0], thread: [315,0,0] Assertion `t >= 0 && t < n_classes` failed.
/opt/conda/conda-bld/pytorch_1640811805959/work/aten/src/ATen/native/cuda/NLLLoss2d.cu:95: nll_loss2d_forward_kernel: block: [0,0,0], thread: [316,0,0] Assertion `t >= 0 && t < n_classes` failed.
/opt/conda/conda-bld/pytorch_1640811805959/work/aten/src/ATen/native/cuda/NLLLoss2d.cu:95: nll_loss2d_forward_kernel: block: [0,0,0], thread: [317,0,0] Assertion `t >= 0 && t < n_classes` failed.
/opt/conda/conda-bld/pytorch_1640811805959/work/aten/src/ATen/native/cuda/NLLLoss2d.cu:95: nll_loss2d_forward_kernel: block: [0,0,0], thread: [318,0,0] Assertion `t >= 0 && t < n_classes` failed.
/opt/conda/conda-bld/pytorch_1640811805959/work/aten/src/ATen/native/cuda/NLLLoss2d.cu:95: nll_loss2d_forward_kernel: block: [0,0,0], thread: [319,0,0] Assertion `t >= 0 && t < n_classes` failed.
/opt/conda/conda-bld/pytorch_1640811805959/work/aten/src/ATen/native/cuda/NLLLoss2d.cu:95: nll_loss2d_forward_kernel: block: [0,0,0], thread: [258,0,0] Assertion `t >= 0 && t < n_classes` failed.
/opt/conda/conda-bld/pytorch_1640811805959/work/aten/src/ATen/native/cuda/NLLLoss2d.cu:95: nll_loss2d_forward_kernel: block: [0,0,0], thread: [259,0,0] Assertion `t >= 0 && t < n_classes` failed.
/opt/conda/conda-bld/pytorch_1640811805959/work/aten/src/ATen/native/cuda/NLLLoss2d.cu:95: nll_loss2d_forward_kernel: block: [0,0,0], thread: [260,0,0] Assertion `t >= 0 && t < n_classes` failed.
/opt/conda/conda-bld/pytorch_1640811805959/work/aten/src/ATen/native/cuda/NLLLoss2d.cu:95: nll_loss2d_forward_kernel: block: [0,0,0], thread: [261,0,0] Assertion `t >= 0 && t < n_classes` failed.
/opt/conda/conda-bld/pytorch_1640811805959/work/aten/src/ATen/native/cuda/NLLLoss2d.cu:95: nll_loss2d_forward_kernel: block: [0,0,0], thread: [262,0,0] Assertion `t >= 0 && t < n_classes` failed.
/opt/conda/conda-bld/pytorch_1640811805959/work/aten/src/ATen/native/cuda/NLLLoss2d.cu:95: nll_loss2d_forward_kernel: block: [0,0,0], thread: [263,0,0] Assertion `t >= 0 && t < n_classes` failed.
/opt/conda/conda-bld/pytorch_1640811805959/work/aten/src/ATen/native/cuda/NLLLoss2d.cu:95: nll_loss2d_forward_kernel: block: [0,0,0], thread: [264,0,0] Assertion `t >= 0 && t < n_classes` failed.
/opt/conda/conda-bld/pytorch_1640811805959/work/aten/src/ATen/native/cuda/NLLLoss2d.cu:95: nll_loss2d_forward_kernel: block: [0,0,0], thread: [265,0,0] Assertion `t >= 0 && t < n_classes` failed.
/opt/conda/conda-bld/pytorch_1640811805959/work/aten/src/ATen/native/cuda/NLLLoss2d.cu:95: nll_loss2d_forward_kernel: block: [0,0,0], thread: [266,0,0] Assertion `t >= 0 && t < n_classes` failed.
/opt/conda/conda-bld/pytorch_1640811805959/work/aten/src/ATen/native/cuda/NLLLoss2d.cu:95: nll_loss2d_forward_kernel: block: [0,0,0], thread: [267,0,0] Assertion `t >= 0 && t < n_classes` failed.
/opt/conda/conda-bld/pytorch_1640811805959/work/aten/src/ATen/native/cuda/NLLLoss2d.cu:95: nll_loss2d_forward_kernel: block: [0,0,0], thread: [268,0,0] Assertion `t >= 0 && t < n_classes` failed.
/opt/conda/conda-bld/pytorch_1640811805959/work/aten/src/ATen/native/cuda/NLLLoss2d.cu:95: nll_loss2d_forward_kernel: block: [0,0,0], thread: [280,0,0] Assertion `t >= 0 && t < n_classes` failed.
/opt/conda/conda-bld/pytorch_1640811805959/work/aten/src/ATen/native/cuda/NLLLoss2d.cu:95: nll_loss2d_forward_kernel: block: [0,0,0], thread: [281,0,0] Assertion `t >= 0 && t < n_classes` failed.
/opt/conda/conda-bld/pytorch_1640811805959/work/aten/src/ATen/native/cuda/NLLLoss2d.cu:95: nll_loss2d_forward_kernel: block: [0,0,0], thread: [287,0,0] Assertion `t >= 0 && t < n_classes` failed.
/opt/conda/conda-bld/pytorch_1640811805959/work/aten/src/ATen/native/cuda/NLLLoss2d.cu:95: nll_loss2d_forward_kernel: block: [0,0,0], thread: [719,0,0] Assertion `t >= 0 && t < n_classes` failed.
/opt/conda/conda-bld/pytorch_1640811805959/work/aten/src/ATen/native/cuda/NLLLoss2d.cu:95: nll_loss2d_forward_kernel: block: [0,0,0], thread: [720,0,0] Assertion `t >= 0 && t < n_classes` failed.
/opt/conda/conda-bld/pytorch_1640811805959/work/aten/src/ATen/native/cuda/NLLLoss2d.cu:95: nll_loss2d_forward_kernel: block: [0,0,0], thread: [721,0,0] Assertion `t >= 0 && t < n_classes` failed.
/opt/conda/conda-bld/pytorch_1640811805959/work/aten/src/ATen/native/cuda/NLLLoss2d.cu:95: nll_loss2d_forward_kernel: block: [0,0,0], thread: [722,0,0] Assertion `t >= 0 && t < n_classes` failed.
/opt/conda/conda-bld/pytorch_1640811805959/work/aten/src/ATen/native/cuda/NLLLoss2d.cu:95: nll_loss2d_forward_kernel: block: [0,0,0], thread: [723,0,0] Assertion `t >= 0 && t < n_classes` failed.
/opt/conda/conda-bld/pytorch_1640811805959/work/aten/src/ATen/native/cuda/NLLLoss2d.cu:95: nll_loss2d_forward_kernel: block: [0,0,0], thread: [724,0,0] Assertion `t >= 0 && t < n_classes` failed.
/opt/conda/conda-bld/pytorch_1640811805959/work/aten/src/ATen/native/cuda/NLLLoss2d.cu:95: nll_loss2d_forward_kernel: block: [0,0,0], thread: [725,0,0] Assertion `t >= 0 && t < n_classes` failed.
/opt/conda/conda-bld/pytorch_1640811805959/work/aten/src/ATen/native/cuda/NLLLoss2d.cu:95: nll_loss2d_forward_kernel: block: [0,0,0], thread: [726,0,0] Assertion `t >= 0 && t < n_classes` failed.
/opt/conda/conda-bld/pytorch_1640811805959/work/aten/src/ATen/native/cuda/NLLLoss2d.cu:95: nll_loss2d_forward_kernel: block: [0,0,0], thread: [727,0,0] Assertion `t >= 0 && t < n_classes` failed.
/opt/conda/conda-bld/pytorch_1640811805959/work/aten/src/ATen/native/cuda/NLLLoss2d.cu:95: nll_loss2d_forward_kernel: block: [0,0,0], thread: [728,0,0] Assertion `t >= 0 && t < n_classes` failed.
/opt/conda/conda-bld/pytorch_1640811805959/work/aten/src/ATen/native/cuda/NLLLoss2d.cu:95: nll_loss2d_forward_kernel: block: [0,0,0], thread: [729,0,0] Assertion `t >= 0 && t < n_classes` failed.
/opt/conda/conda-bld/pytorch_1640811805959/work/aten/src/ATen/native/cuda/NLLLoss2d.cu:95: nll_loss2d_forward_kernel: block: [0,0,0], thread: [730,0,0] Assertion `t >= 0 && t < n_classes` failed.
/opt/conda/conda-bld/pytorch_1640811805959/work/aten/src/ATen/native/cuda/NLLLoss2d.cu:95: nll_loss2d_forward_kernel: block: [0,0,0], thread: [731,0,0] Assertion `t >= 0 && t < n_classes` failed.
/opt/conda/conda-bld/pytorch_1640811805959/work/aten/src/ATen/native/cuda/NLLLoss2d.cu:95: nll_loss2d_forward_kernel: block: [0,0,0], thread: [732,0,0] Assertion `t >= 0 && t < n_classes` failed.
/opt/conda/conda-bld/pytorch_1640811805959/work/aten/src/ATen/native/cuda/NLLLoss2d.cu:95: nll_loss2d_forward_kernel: block: [0,0,0], thread: [733,0,0] Assertion `t >= 0 && t < n_classes` failed.
/opt/conda/conda-bld/pytorch_1640811805959/work/aten/src/ATen/native/cuda/NLLLoss2d.cu:95: nll_loss2d_forward_kernel: block: [0,0,0], thread: [734,0,0] Assertion `t >= 0 && t < n_classes` failed.
/opt/conda/conda-bld/pytorch_1640811805959/work/aten/src/ATen/native/cuda/NLLLoss2d.cu:95: nll_loss2d_forward_kernel: block: [0,0,0], thread: [735,0,0] Assertion `t >= 0 && t < n_classes` failed.
/opt/conda/conda-bld/pytorch_1640811805959/work/aten/src/ATen/native/cuda/NLLLoss2d.cu:95: nll_loss2d_forward_kernel: block: [0,0,0], thread: [64,0,0] Assertion `t >= 0 && t < n_classes` failed.
/opt/conda/conda-bld/pytorch_1640811805959/work/aten/src/ATen/native/cuda/NLLLoss2d.cu:95: nll_loss2d_forward_kernel: block: [0,0,0], thread: [65,0,0] Assertion `t >= 0 && t < n_classes` failed.
/opt/conda/conda-bld/pytorch_1640811805959/work/aten/src/ATen/native/cuda/NLLLoss2d.cu:95: nll_loss2d_forward_kernel: block: [0,0,0], thread: [66,0,0] Assertion `t >= 0 && t < n_classes` failed.
/opt/conda/conda-bld/pytorch_1640811805959/work/aten/src/ATen/native/cuda/NLLLoss2d.cu:95: nll_loss2d_forward_kernel: block: [0,0,0], thread: [67,0,0] Assertion `t >= 0 && t < n_classes` failed.
/opt/conda/conda-bld/pytorch_1640811805959/work/aten/src/ATen/native/cuda/NLLLoss2d.cu:95: nll_loss2d_forward_kernel: block: [0,0,0], thread: [68,0,0] Assertion `t >= 0 && t < n_classes` failed.
/opt/conda/conda-bld/pytorch_1640811805959/work/aten/src/ATen/native/cuda/NLLLoss2d.cu:95: nll_loss2d_forward_kernel: block: [0,0,0], thread: [69,0,0] Assertion `t >= 0 && t < n_classes` failed.
/opt/conda/conda-bld/pytorch_1640811805959/work/aten/src/ATen/native/cuda/NLLLoss2d.cu:95: nll_loss2d_forward_kernel: block: [0,0,0], thread: [70,0,0] Assertion `t >= 0 && t < n_classes` failed.
/opt/conda/conda-bld/pytorch_1640811805959/work/aten/src/ATen/native/cuda/NLLLoss2d.cu:95: nll_loss2d_forward_kernel: block: [0,0,0], thread: [71,0,0] Assertion `t >= 0 && t < n_classes` failed.
/opt/conda/conda-bld/pytorch_1640811805959/work/aten/src/ATen/native/cuda/NLLLoss2d.cu:95: nll_loss2d_forward_kernel: block: [0,0,0], thread: [72,0,0] Assertion `t >= 0 && t < n_classes` failed.
/opt/conda/conda-bld/pytorch_1640811805959/work/aten/src/ATen/native/cuda/NLLLoss2d.cu:95: nll_loss2d_forward_kernel: block: [0,0,0], thread: [73,0,0] Assertion `t >= 0 && t < n_classes` failed.
/opt/conda/conda-bld/pytorch_1640811805959/work/aten/src/ATen/native/cuda/NLLLoss2d.cu:95: nll_loss2d_forward_kernel: block: [0,0,0], thread: [74,0,0] Assertion `t >= 0 && t < n_classes` failed.
/opt/conda/conda-bld/pytorch_1640811805959/work/aten/src/ATen/native/cuda/NLLLoss2d.cu:95: nll_loss2d_forward_kernel: block: [0,0,0], thread: [75,0,0] Assertion `t >= 0 && t < n_classes` failed.
/opt/conda/conda-bld/pytorch_1640811805959/work/aten/src/ATen/native/cuda/NLLLoss2d.cu:95: nll_loss2d_forward_kernel: block: [0,0,0], thread: [76,0,0] Assertion `t >= 0 && t < n_classes` failed.
/opt/conda/conda-bld/pytorch_1640811805959/work/aten/src/ATen/native/cuda/NLLLoss2d.cu:95: nll_loss2d_forward_kernel: block: [0,0,0], thread: [77,0,0] Assertion `t >= 0 && t < n_classes` failed.
/opt/conda/conda-bld/pytorch_1640811805959/work/aten/src/ATen/native/cuda/NLLLoss2d.cu:95: nll_loss2d_forward_kernel: block: [0,0,0], thread: [78,0,0] Assertion `t >= 0 && t < n_classes` failed.
/opt/conda/conda-bld/pytorch_1640811805959/work/aten/src/ATen/native/cuda/NLLLoss2d.cu:95: nll_loss2d_forward_kernel: block: [0,0,0], thread: [79,0,0] Assertion `t >= 0 && t < n_classes` failed.
/opt/conda/conda-bld/pytorch_1640811805959/work/aten/src/ATen/native/cuda/NLLLoss2d.cu:95: nll_loss2d_forward_kernel: block: [0,0,0], thread: [80,0,0] Assertion `t >= 0 && t < n_classes` failed.
/opt/conda/conda-bld/pytorch_1640811805959/work/aten/src/ATen/native/cuda/NLLLoss2d.cu:95: nll_loss2d_forward_kernel: block: [0,0,0], thread: [81,0,0] Assertion `t >= 0 && t < n_classes` failed.
/opt/conda/conda-bld/pytorch_1640811805959/work/aten/src/ATen/native/cuda/NLLLoss2d.cu:95: nll_loss2d_forward_kernel: block: [0,0,0], thread: [82,0,0] Assertion `t >= 0 && t < n_classes` failed.
/opt/conda/conda-bld/pytorch_1640811805959/work/aten/src/ATen/native/cuda/NLLLoss2d.cu:95: nll_loss2d_forward_kernel: block: [0,0,0], thread: [83,0,0] Assertion `t >= 0 && t < n_classes` failed.
/opt/conda/conda-bld/pytorch_1640811805959/work/aten/src/ATen/native/cuda/NLLLoss2d.cu:95: nll_loss2d_forward_kernel: block: [0,0,0], thread: [84,0,0] Assertion `t >= 0 && t < n_classes` failed.
/opt/conda/conda-bld/pytorch_1640811805959/work/aten/src/ATen/native/cuda/NLLLoss2d.cu:95: nll_loss2d_forward_kernel: block: [0,0,0], thread: [85,0,0] Assertion `t >= 0 && t < n_classes` failed.
/opt/conda/conda-bld/pytorch_1640811805959/work/aten/src/ATen/native/cuda/NLLLoss2d.cu:95: nll_loss2d_forward_kernel: block: [0,0,0], thread: [86,0,0] Assertion `t >= 0 && t < n_classes` failed.
/opt/conda/conda-bld/pytorch_1640811805959/work/aten/src/ATen/native/cuda/NLLLoss2d.cu:95: nll_loss2d_forward_kernel: block: [0,0,0], thread: [87,0,0] Assertion `t >= 0 && t < n_classes` failed.
/opt/conda/conda-bld/pytorch_1640811805959/work/aten/src/ATen/native/cuda/NLLLoss2d.cu:95: nll_loss2d_forward_kernel: block: [0,0,0], thread: [88,0,0] Assertion `t >= 0 && t < n_classes` failed.
/opt/conda/conda-bld/pytorch_1640811805959/work/aten/src/ATen/native/cuda/NLLLoss2d.cu:95: nll_loss2d_forward_kernel: block: [0,0,0], thread: [89,0,0] Assertion `t >= 0 && t < n_classes` failed.
/opt/conda/conda-bld/pytorch_1640811805959/work/aten/src/ATen/native/cuda/NLLLoss2d.cu:95: nll_loss2d_forward_kernel: block: [0,0,0], thread: [90,0,0] Assertion `t >= 0 && t < n_classes` failed.
/opt/conda/conda-bld/pytorch_1640811805959/work/aten/src/ATen/native/cuda/NLLLoss2d.cu:95: nll_loss2d_forward_kernel: block: [0,0,0], thread: [91,0,0] Assertion `t >= 0 && t < n_classes` failed.
/opt/conda/conda-bld/pytorch_1640811805959/work/aten/src/ATen/native/cuda/NLLLoss2d.cu:95: nll_loss2d_forward_kernel: block: [0,0,0], thread: [92,0,0] Assertion `t >= 0 && t < n_classes` failed.
/opt/conda/conda-bld/pytorch_1640811805959/work/aten/src/ATen/native/cuda/NLLLoss2d.cu:95: nll_loss2d_forward_kernel: block: [0,0,0], thread: [93,0,0] Assertion `t >= 0 && t < n_classes` failed.
/opt/conda/conda-bld/pytorch_1640811805959/work/aten/src/ATen/native/cuda/NLLLoss2d.cu:95: nll_loss2d_forward_kernel: block: [0,0,0], thread: [94,0,0] Assertion `t >= 0 && t < n_classes` failed.
/opt/conda/conda-bld/pytorch_1640811805959/work/aten/src/ATen/native/cuda/NLLLoss2d.cu:95: nll_loss2d_forward_kernel: block: [0,0,0], thread: [160,0,0] Assertion `t >= 0 && t < n_classes` failed.
/opt/conda/conda-bld/pytorch_1640811805959/work/aten/src/ATen/native/cuda/NLLLoss2d.cu:95: nll_loss2d_forward_kernel: block: [0,0,0], thread: [161,0,0] Assertion `t >= 0 && t < n_classes` failed.
/opt/conda/conda-bld/pytorch_1640811805959/work/aten/src/ATen/native/cuda/NLLLoss2d.cu:95: nll_loss2d_forward_kernel: block: [0,0,0], thread: [162,0,0] Assertion `t >= 0 && t < n_classes` failed.
/opt/conda/conda-bld/pytorch_1640811805959/work/aten/src/ATen/native/cuda/NLLLoss2d.cu:95: nll_loss2d_forward_kernel: block: [0,0,0], thread: [163,0,0] Assertion `t >= 0 && t < n_classes` failed.
/opt/conda/conda-bld/pytorch_1640811805959/work/aten/src/ATen/native/cuda/NLLLoss2d.cu:95: nll_loss2d_forward_kernel: block: [0,0,0], thread: [164,0,0] Assertion `t >= 0 && t < n_classes` failed.
/opt/conda/conda-bld/pytorch_1640811805959/work/aten/src/ATen/native/cuda/NLLLoss2d.cu:95: nll_loss2d_forward_kernel: block: [0,0,0], thread: [165,0,0] Assertion `t >= 0 && t < n_classes` failed.
/opt/conda/conda-bld/pytorch_1640811805959/work/aten/src/ATen/native/cuda/NLLLoss2d.cu:95: nll_loss2d_forward_kernel: block: [0,0,0], thread: [166,0,0] Assertion `t >= 0 && t < n_classes` failed.
/opt/conda/conda-bld/pytorch_1640811805959/work/aten/src/ATen/native/cuda/NLLLoss2d.cu:95: nll_loss2d_forward_kernel: block: [0,0,0], thread: [167,0,0] Assertion `t >= 0 && t < n_classes` failed.
/opt/conda/conda-bld/pytorch_1640811805959/work/aten/src/ATen/native/cuda/NLLLoss2d.cu:95: nll_loss2d_forward_kernel: block: [0,0,0], thread: [168,0,0] Assertion `t >= 0 && t < n_classes` failed.
/opt/conda/conda-bld/pytorch_1640811805959/work/aten/src/ATen/native/cuda/NLLLoss2d.cu:95: nll_loss2d_forward_kernel: block: [0,0,0], thread: [169,0,0] Assertion `t >= 0 && t < n_classes` failed.
/opt/conda/conda-bld/pytorch_1640811805959/work/aten/src/ATen/native/cuda/NLLLoss2d.cu:95: nll_loss2d_forward_kernel: block: [0,0,0], thread: [170,0,0] Assertion `t >= 0 && t < n_classes` failed.
/opt/conda/conda-bld/pytorch_1640811805959/work/aten/src/ATen/native/cuda/NLLLoss2d.cu:95: nll_loss2d_forward_kernel: block: [0,0,0], thread: [171,0,0] Assertion `t >= 0 && t < n_classes` failed.
/opt/conda/conda-bld/pytorch_1640811805959/work/aten/src/ATen/native/cuda/NLLLoss2d.cu:95: nll_loss2d_forward_kernel: block: [0,0,0], thread: [172,0,0] Assertion `t >= 0 && t < n_classes` failed.
/opt/conda/conda-bld/pytorch_1640811805959/work/aten/src/ATen/native/cuda/NLLLoss2d.cu:95: nll_loss2d_forward_kernel: block: [0,0,0], thread: [173,0,0] Assertion `t >= 0 && t < n_classes` failed.
/opt/conda/conda-bld/pytorch_1640811805959/work/aten/src/ATen/native/cuda/NLLLoss2d.cu:95: nll_loss2d_forward_kernel: block: [0,0,0], thread: [174,0,0] Assertion `t >= 0 && t < n_classes` failed.
/opt/conda/conda-bld/pytorch_1640811805959/work/aten/src/ATen/native/cuda/NLLLoss2d.cu:95: nll_loss2d_forward_kernel: block: [0,0,0], thread: [175,0,0] Assertion `t >= 0 && t < n_classes` failed.
/opt/conda/conda-bld/pytorch_1640811805959/work/aten/src/ATen/native/cuda/NLLLoss2d.cu:95: nll_loss2d_forward_kernel: block: [0,0,0], thread: [176,0,0] Assertion `t >= 0 && t < n_classes` failed.
/opt/conda/conda-bld/pytorch_1640811805959/work/aten/src/ATen/native/cuda/NLLLoss2d.cu:95: nll_loss2d_forward_kernel: block: [0,0,0], thread: [177,0,0] Assertion `t >= 0 && t < n_classes` failed.
/opt/conda/conda-bld/pytorch_1640811805959/work/aten/src/ATen/native/cuda/NLLLoss2d.cu:95: nll_loss2d_forward_kernel: block: [0,0,0], thread: [178,0,0] Assertion `t >= 0 && t < n_classes` failed.
/opt/conda/conda-bld/pytorch_1640811805959/work/aten/src/ATen/native/cuda/NLLLoss2d.cu:95: nll_loss2d_forward_kernel: block: [0,0,0], thread: [179,0,0] Assertion `t >= 0 && t < n_classes` failed.
/opt/conda/conda-bld/pytorch_1640811805959/work/aten/src/ATen/native/cuda/NLLLoss2d.cu:95: nll_loss2d_forward_kernel: block: [0,0,0], thread: [180,0,0] Assertion `t >= 0 && t < n_classes` failed.
/opt/conda/conda-bld/pytorch_1640811805959/work/aten/src/ATen/native/cuda/NLLLoss2d.cu:95: nll_loss2d_forward_kernel: block: [0,0,0], thread: [181,0,0] Assertion `t >= 0 && t < n_classes` failed.
/opt/conda/conda-bld/pytorch_1640811805959/work/aten/src/ATen/native/cuda/NLLLoss2d.cu:95: nll_loss2d_forward_kernel: block: [0,0,0], thread: [182,0,0] Assertion `t >= 0 && t < n_classes` failed.
/opt/conda/conda-bld/pytorch_1640811805959/work/aten/src/ATen/native/cuda/NLLLoss2d.cu:95: nll_loss2d_forward_kernel: block: [0,0,0], thread: [183,0,0] Assertion `t >= 0 && t < n_classes` failed.
/opt/conda/conda-bld/pytorch_1640811805959/work/aten/src/ATen/native/cuda/NLLLoss2d.cu:95: nll_loss2d_forward_kernel: block: [0,0,0], thread: [184,0,0] Assertion `t >= 0 && t < n_classes` failed.
/opt/conda/conda-bld/pytorch_1640811805959/work/aten/src/ATen/native/cuda/NLLLoss2d.cu:95: nll_loss2d_forward_kernel: block: [0,0,0], thread: [185,0,0] Assertion `t >= 0 && t < n_classes` failed.
/opt/conda/conda-bld/pytorch_1640811805959/work/aten/src/ATen/native/cuda/NLLLoss2d.cu:95: nll_loss2d_forward_kernel: block: [0,0,0], thread: [186,0,0] Assertion `t >= 0 && t < n_classes` failed.
/opt/conda/conda-bld/pytorch_1640811805959/work/aten/src/ATen/native/cuda/NLLLoss2d.cu:95: nll_loss2d_forward_kernel: block: [0,0,0], thread: [187,0,0] Assertion `t >= 0 && t < n_classes` failed.
/opt/conda/conda-bld/pytorch_1640811805959/work/aten/src/ATen/native/cuda/NLLLoss2d.cu:95: nll_loss2d_forward_kernel: block: [0,0,0], thread: [188,0,0] Assertion `t >= 0 && t < n_classes` failed.
/opt/conda/conda-bld/pytorch_1640811805959/work/aten/src/ATen/native/cuda/NLLLoss2d.cu:95: nll_loss2d_forward_kernel: block: [0,0,0], thread: [189,0,0] Assertion `t >= 0 && t < n_classes` failed.
/opt/conda/conda-bld/pytorch_1640811805959/work/aten/src/ATen/native/cuda/NLLLoss2d.cu:95: nll_loss2d_forward_kernel: block: [0,0,0], thread: [190,0,0] Assertion `t >= 0 && t < n_classes` failed.
/opt/conda/conda-bld/pytorch_1640811805959/work/aten/src/ATen/native/cuda/NLLLoss2d.cu:95: nll_loss2d_forward_kernel: block: [0,0,0], thread: [191,0,0] Assertion `t >= 0 && t < n_classes` failed.
/scratch/maj596/github/IPNV2_pytorch/model.py:294: UserWarning: __floordiv__ is deprecated, and its behavior will change in a future version of pytorch. It currently rounds toward 0 (like the 'trunc' function NOT 'floor'). This results in incorrect rounding for negative values. To keep the current behavior, use torch.div(a, b, rounding_mode='trunc'), or for actual floor division, use torch.div(a, b, rounding_mode='floor').
  x1 = torch.nn.functional.pad(x1, [diffX // 2, diffX - diffX // 2,
/scratch/maj596/github/IPNV2_pytorch/model.py:295: UserWarning: __floordiv__ is deprecated, and its behavior will change in a future version of pytorch. It currently rounds toward 0 (like the 'trunc' function NOT 'floor'). This results in incorrect rounding for negative values. To keep the current behavior, use torch.div(a, b, rounding_mode='trunc'), or for actual floor division, use torch.div(a, b, rounding_mode='floor').
  diffY // 2, diffY - diffY // 2])
Traceback (most recent call last):
  File "IPN V2_train.py", line 142, in <module>
    train_net(net=net,device=device)
  File "IPN V2_train.py", line 63, in train_net
    loss.backward()
  File "/scratch/maj596/conda-envs/IPNV2_pytorch/lib/python3.6/site-packages/torch/_tensor.py", line 307, in backward
    torch.autograd.backward(self, gradient, retain_graph, create_graph, inputs=inputs)
  File "/scratch/maj596/conda-envs/IPNV2_pytorch/lib/python3.6/site-packages/torch/autograd/__init__.py", line 150, in backward
    grad_tensors_ = _make_grads(tensors, grad_tensors_)
  File "/scratch/maj596/conda-envs/IPNV2_pytorch/lib/python3.6/site-packages/torch/autograd/__init__.py", line 52, in _make_grads
    new_grads.append(torch.ones_like(out, memory_format=torch.preserve_format))
RuntimeError: CUDA error: device-side assert triggered
CUDA kernel errors might be asynchronously reported at some other API call,so the stacktrace below might be incorrect.
For debugging consider passing CUDA_LAUNCH_BLOCKING=1.
