
CommandNotFoundError: Your shell has not been properly configured to use 'conda activate'.
To initialize your shell, run

    $ conda init <SHELL_NAME>

Currently supported shells are:
  - bash
  - fish
  - tcsh
  - xonsh
  - zsh
  - powershell

See 'conda init --help' for more information and options.

IMPORTANT: You may need to close and restart your shell after running 'conda init'.


INFO: Using device cuda
/opt/conda/conda-bld/pytorch_1640811805959/work/aten/src/ATen/native/cuda/NLLLoss2d.cu:95: nll_loss2d_forward_kernel: block: [1,0,0], thread: [896,0,0] Assertion `t >= 0 && t < n_classes` failed.
/opt/conda/conda-bld/pytorch_1640811805959/work/aten/src/ATen/native/cuda/NLLLoss2d.cu:95: nll_loss2d_forward_kernel: block: [1,0,0], thread: [897,0,0] Assertion `t >= 0 && t < n_classes` failed.
/opt/conda/conda-bld/pytorch_1640811805959/work/aten/src/ATen/native/cuda/NLLLoss2d.cu:95: nll_loss2d_forward_kernel: block: [1,0,0], thread: [162,0,0] Assertion `t >= 0 && t < n_classes` failed.
/opt/conda/conda-bld/pytorch_1640811805959/work/aten/src/ATen/native/cuda/NLLLoss2d.cu:95: nll_loss2d_forward_kernel: block: [1,0,0], thread: [163,0,0] Assertion `t >= 0 && t < n_classes` failed.
/opt/conda/conda-bld/pytorch_1640811805959/work/aten/src/ATen/native/cuda/NLLLoss2d.cu:95: nll_loss2d_forward_kernel: block: [1,0,0], thread: [1000,0,0] Assertion `t >= 0 && t < n_classes` failed.
/opt/conda/conda-bld/pytorch_1640811805959/work/aten/src/ATen/native/cuda/NLLLoss2d.cu:95: nll_loss2d_forward_kernel: block: [1,0,0], thread: [832,0,0] Assertion `t >= 0 && t < n_classes` failed.
/opt/conda/conda-bld/pytorch_1640811805959/work/aten/src/ATen/native/cuda/NLLLoss2d.cu:95: nll_loss2d_forward_kernel: block: [1,0,0], thread: [833,0,0] Assertion `t >= 0 && t < n_classes` failed.
/opt/conda/conda-bld/pytorch_1640811805959/work/aten/src/ATen/native/cuda/NLLLoss2d.cu:95: nll_loss2d_forward_kernel: block: [1,0,0], thread: [834,0,0] Assertion `t >= 0 && t < n_classes` failed.
/opt/conda/conda-bld/pytorch_1640811805959/work/aten/src/ATen/native/cuda/NLLLoss2d.cu:95: nll_loss2d_forward_kernel: block: [1,0,0], thread: [930,0,0] Assertion `t >= 0 && t < n_classes` failed.
/opt/conda/conda-bld/pytorch_1640811805959/work/aten/src/ATen/native/cuda/NLLLoss2d.cu:95: nll_loss2d_forward_kernel: block: [1,0,0], thread: [931,0,0] Assertion `t >= 0 && t < n_classes` failed.
/opt/conda/conda-bld/pytorch_1640811805959/work/aten/src/ATen/native/cuda/NLLLoss2d.cu:95: nll_loss2d_forward_kernel: block: [1,0,0], thread: [5,0,0] Assertion `t >= 0 && t < n_classes` failed.
/opt/conda/conda-bld/pytorch_1640811805959/work/aten/src/ATen/native/cuda/NLLLoss2d.cu:95: nll_loss2d_forward_kernel: block: [1,0,0], thread: [6,0,0] Assertion `t >= 0 && t < n_classes` failed.
/opt/conda/conda-bld/pytorch_1640811805959/work/aten/src/ATen/native/cuda/NLLLoss2d.cu:95: nll_loss2d_forward_kernel: block: [1,0,0], thread: [864,0,0] Assertion `t >= 0 && t < n_classes` failed.
/opt/conda/conda-bld/pytorch_1640811805959/work/aten/src/ATen/native/cuda/NLLLoss2d.cu:95: nll_loss2d_forward_kernel: block: [1,0,0], thread: [865,0,0] Assertion `t >= 0 && t < n_classes` failed.
/opt/conda/conda-bld/pytorch_1640811805959/work/aten/src/ATen/native/cuda/NLLLoss2d.cu:95: nll_loss2d_forward_kernel: block: [1,0,0], thread: [866,0,0] Assertion `t >= 0 && t < n_classes` failed.
/opt/conda/conda-bld/pytorch_1640811805959/work/aten/src/ATen/native/cuda/NLLLoss2d.cu:95: nll_loss2d_forward_kernel: block: [1,0,0], thread: [867,0,0] Assertion `t >= 0 && t < n_classes` failed.
/opt/conda/conda-bld/pytorch_1640811805959/work/aten/src/ATen/native/cuda/NLLLoss2d.cu:95: nll_loss2d_forward_kernel: block: [1,0,0], thread: [868,0,0] Assertion `t >= 0 && t < n_classes` failed.
/opt/conda/conda-bld/pytorch_1640811805959/work/aten/src/ATen/native/cuda/NLLLoss2d.cu:95: nll_loss2d_forward_kernel: block: [1,0,0], thread: [869,0,0] Assertion `t >= 0 && t < n_classes` failed.
/opt/conda/conda-bld/pytorch_1640811805959/work/aten/src/ATen/native/cuda/NLLLoss2d.cu:95: nll_loss2d_forward_kernel: block: [1,0,0], thread: [400,0,0] Assertion `t >= 0 && t < n_classes` failed.
/opt/conda/conda-bld/pytorch_1640811805959/work/aten/src/ATen/native/cuda/NLLLoss2d.cu:95: nll_loss2d_forward_kernel: block: [1,0,0], thread: [401,0,0] Assertion `t >= 0 && t < n_classes` failed.
/opt/conda/conda-bld/pytorch_1640811805959/work/aten/src/ATen/native/cuda/NLLLoss2d.cu:95: nll_loss2d_forward_kernel: block: [1,0,0], thread: [402,0,0] Assertion `t >= 0 && t < n_classes` failed.
/opt/conda/conda-bld/pytorch_1640811805959/work/aten/src/ATen/native/cuda/NLLLoss2d.cu:95: nll_loss2d_forward_kernel: block: [1,0,0], thread: [560,0,0] Assertion `t >= 0 && t < n_classes` failed.
/opt/conda/conda-bld/pytorch_1640811805959/work/aten/src/ATen/native/cuda/NLLLoss2d.cu:95: nll_loss2d_forward_kernel: block: [1,0,0], thread: [561,0,0] Assertion `t >= 0 && t < n_classes` failed.
/opt/conda/conda-bld/pytorch_1640811805959/work/aten/src/ATen/native/cuda/NLLLoss2d.cu:95: nll_loss2d_forward_kernel: block: [1,0,0], thread: [562,0,0] Assertion `t >= 0 && t < n_classes` failed.
/opt/conda/conda-bld/pytorch_1640811805959/work/aten/src/ATen/native/cuda/NLLLoss2d.cu:95: nll_loss2d_forward_kernel: block: [1,0,0], thread: [563,0,0] Assertion `t >= 0 && t < n_classes` failed.
/opt/conda/conda-bld/pytorch_1640811805959/work/aten/src/ATen/native/cuda/NLLLoss2d.cu:95: nll_loss2d_forward_kernel: block: [1,0,0], thread: [564,0,0] Assertion `t >= 0 && t < n_classes` failed.
/opt/conda/conda-bld/pytorch_1640811805959/work/aten/src/ATen/native/cuda/NLLLoss2d.cu:95: nll_loss2d_forward_kernel: block: [1,0,0], thread: [565,0,0] Assertion `t >= 0 && t < n_classes` failed.
/opt/conda/conda-bld/pytorch_1640811805959/work/aten/src/ATen/native/cuda/NLLLoss2d.cu:95: nll_loss2d_forward_kernel: block: [1,0,0], thread: [344,0,0] Assertion `t >= 0 && t < n_classes` failed.
/opt/conda/conda-bld/pytorch_1640811805959/work/aten/src/ATen/native/cuda/NLLLoss2d.cu:95: nll_loss2d_forward_kernel: block: [1,0,0], thread: [345,0,0] Assertion `t >= 0 && t < n_classes` failed.
/opt/conda/conda-bld/pytorch_1640811805959/work/aten/src/ATen/native/cuda/NLLLoss2d.cu:95: nll_loss2d_forward_kernel: block: [1,0,0], thread: [103,0,0] Assertion `t >= 0 && t < n_classes` failed.
/opt/conda/conda-bld/pytorch_1640811805959/work/aten/src/ATen/native/cuda/NLLLoss2d.cu:95: nll_loss2d_forward_kernel: block: [1,0,0], thread: [104,0,0] Assertion `t >= 0 && t < n_classes` failed.
/opt/conda/conda-bld/pytorch_1640811805959/work/aten/src/ATen/native/cuda/NLLLoss2d.cu:95: nll_loss2d_forward_kernel: block: [1,0,0], thread: [256,0,0] Assertion `t >= 0 && t < n_classes` failed.
/opt/conda/conda-bld/pytorch_1640811805959/work/aten/src/ATen/native/cuda/NLLLoss2d.cu:95: nll_loss2d_forward_kernel: block: [1,0,0], thread: [257,0,0] Assertion `t >= 0 && t < n_classes` failed.
/opt/conda/conda-bld/pytorch_1640811805959/work/aten/src/ATen/native/cuda/NLLLoss2d.cu:95: nll_loss2d_forward_kernel: block: [1,0,0], thread: [258,0,0] Assertion `t >= 0 && t < n_classes` failed.
/opt/conda/conda-bld/pytorch_1640811805959/work/aten/src/ATen/native/cuda/NLLLoss2d.cu:95: nll_loss2d_forward_kernel: block: [1,0,0], thread: [259,0,0] Assertion `t >= 0 && t < n_classes` failed.
/opt/conda/conda-bld/pytorch_1640811805959/work/aten/src/ATen/native/cuda/NLLLoss2d.cu:95: nll_loss2d_forward_kernel: block: [1,0,0], thread: [260,0,0] Assertion `t >= 0 && t < n_classes` failed.
/opt/conda/conda-bld/pytorch_1640811805959/work/aten/src/ATen/native/cuda/NLLLoss2d.cu:95: nll_loss2d_forward_kernel: block: [1,0,0], thread: [261,0,0] Assertion `t >= 0 && t < n_classes` failed.
/opt/conda/conda-bld/pytorch_1640811805959/work/aten/src/ATen/native/cuda/NLLLoss2d.cu:95: nll_loss2d_forward_kernel: block: [1,0,0], thread: [262,0,0] Assertion `t >= 0 && t < n_classes` failed.
/opt/conda/conda-bld/pytorch_1640811805959/work/aten/src/ATen/native/cuda/NLLLoss2d.cu:95: nll_loss2d_forward_kernel: block: [1,0,0], thread: [263,0,0] Assertion `t >= 0 && t < n_classes` failed.
/opt/conda/conda-bld/pytorch_1640811805959/work/aten/src/ATen/native/cuda/NLLLoss2d.cu:95: nll_loss2d_forward_kernel: block: [1,0,0], thread: [965,0,0] Assertion `t >= 0 && t < n_classes` failed.
/opt/conda/conda-bld/pytorch_1640811805959/work/aten/src/ATen/native/cuda/NLLLoss2d.cu:95: nll_loss2d_forward_kernel: block: [1,0,0], thread: [966,0,0] Assertion `t >= 0 && t < n_classes` failed.
/opt/conda/conda-bld/pytorch_1640811805959/work/aten/src/ATen/native/cuda/NLLLoss2d.cu:95: nll_loss2d_forward_kernel: block: [1,0,0], thread: [967,0,0] Assertion `t >= 0 && t < n_classes` failed.
/opt/conda/conda-bld/pytorch_1640811805959/work/aten/src/ATen/native/cuda/NLLLoss2d.cu:95: nll_loss2d_forward_kernel: block: [1,0,0], thread: [968,0,0] Assertion `t >= 0 && t < n_classes` failed.
/opt/conda/conda-bld/pytorch_1640811805959/work/aten/src/ATen/native/cuda/NLLLoss2d.cu:95: nll_loss2d_forward_kernel: block: [1,0,0], thread: [969,0,0] Assertion `t >= 0 && t < n_classes` failed.
/opt/conda/conda-bld/pytorch_1640811805959/work/aten/src/ATen/native/cuda/NLLLoss2d.cu:95: nll_loss2d_forward_kernel: block: [1,0,0], thread: [970,0,0] Assertion `t >= 0 && t < n_classes` failed.
/opt/conda/conda-bld/pytorch_1640811805959/work/aten/src/ATen/native/cuda/NLLLoss2d.cu:95: nll_loss2d_forward_kernel: block: [1,0,0], thread: [971,0,0] Assertion `t >= 0 && t < n_classes` failed.
/opt/conda/conda-bld/pytorch_1640811805959/work/aten/src/ATen/native/cuda/NLLLoss2d.cu:95: nll_loss2d_forward_kernel: block: [1,0,0], thread: [202,0,0] Assertion `t >= 0 && t < n_classes` failed.
/opt/conda/conda-bld/pytorch_1640811805959/work/aten/src/ATen/native/cuda/NLLLoss2d.cu:95: nll_loss2d_forward_kernel: block: [1,0,0], thread: [203,0,0] Assertion `t >= 0 && t < n_classes` failed.
/opt/conda/conda-bld/pytorch_1640811805959/work/aten/src/ATen/native/cuda/NLLLoss2d.cu:95: nll_loss2d_forward_kernel: block: [1,0,0], thread: [442,0,0] Assertion `t >= 0 && t < n_classes` failed.
/opt/conda/conda-bld/pytorch_1640811805959/work/aten/src/ATen/native/cuda/NLLLoss2d.cu:95: nll_loss2d_forward_kernel: block: [1,0,0], thread: [443,0,0] Assertion `t >= 0 && t < n_classes` failed.
/opt/conda/conda-bld/pytorch_1640811805959/work/aten/src/ATen/native/cuda/NLLLoss2d.cu:95: nll_loss2d_forward_kernel: block: [1,0,0], thread: [444,0,0] Assertion `t >= 0 && t < n_classes` failed.
/opt/conda/conda-bld/pytorch_1640811805959/work/aten/src/ATen/native/cuda/NLLLoss2d.cu:95: nll_loss2d_forward_kernel: block: [1,0,0], thread: [831,0,0] Assertion `t >= 0 && t < n_classes` failed.
/opt/conda/conda-bld/pytorch_1640811805959/work/aten/src/ATen/native/cuda/NLLLoss2d.cu:95: nll_loss2d_forward_kernel: block: [1,0,0], thread: [301,0,0] Assertion `t >= 0 && t < n_classes` failed.
/opt/conda/conda-bld/pytorch_1640811805959/work/aten/src/ATen/native/cuda/NLLLoss2d.cu:95: nll_loss2d_forward_kernel: block: [1,0,0], thread: [302,0,0] Assertion `t >= 0 && t < n_classes` failed.
/opt/conda/conda-bld/pytorch_1640811805959/work/aten/src/ATen/native/cuda/NLLLoss2d.cu:95: nll_loss2d_forward_kernel: block: [1,0,0], thread: [303,0,0] Assertion `t >= 0 && t < n_classes` failed.
/opt/conda/conda-bld/pytorch_1640811805959/work/aten/src/ATen/native/cuda/NLLLoss2d.cu:95: nll_loss2d_forward_kernel: block: [1,0,0], thread: [733,0,0] Assertion `t >= 0 && t < n_classes` failed.
/opt/conda/conda-bld/pytorch_1640811805959/work/aten/src/ATen/native/cuda/NLLLoss2d.cu:95: nll_loss2d_forward_kernel: block: [1,0,0], thread: [734,0,0] Assertion `t >= 0 && t < n_classes` failed.
/opt/conda/conda-bld/pytorch_1640811805959/work/aten/src/ATen/native/cuda/NLLLoss2d.cu:95: nll_loss2d_forward_kernel: block: [1,0,0], thread: [735,0,0] Assertion `t >= 0 && t < n_classes` failed.
/opt/conda/conda-bld/pytorch_1640811805959/work/aten/src/ATen/native/cuda/NLLLoss2d.cu:95: nll_loss2d_forward_kernel: block: [1,0,0], thread: [636,0,0] Assertion `t >= 0 && t < n_classes` failed.
/opt/conda/conda-bld/pytorch_1640811805959/work/aten/src/ATen/native/cuda/NLLLoss2d.cu:95: nll_loss2d_forward_kernel: block: [1,0,0], thread: [637,0,0] Assertion `t >= 0 && t < n_classes` failed.
/opt/conda/conda-bld/pytorch_1640811805959/work/aten/src/ATen/native/cuda/NLLLoss2d.cu:95: nll_loss2d_forward_kernel: block: [1,0,0], thread: [638,0,0] Assertion `t >= 0 && t < n_classes` failed.
/opt/conda/conda-bld/pytorch_1640811805959/work/aten/src/ATen/native/cuda/NLLLoss2d.cu:95: nll_loss2d_forward_kernel: block: [1,0,0], thread: [639,0,0] Assertion `t >= 0 && t < n_classes` failed.
/opt/conda/conda-bld/pytorch_1640811805959/work/aten/src/ATen/native/cuda/NLLLoss2d.cu:95: nll_loss2d_forward_kernel: block: [1,0,0], thread: [245,0,0] Assertion `t >= 0 && t < n_classes` failed.
/opt/conda/conda-bld/pytorch_1640811805959/work/aten/src/ATen/native/cuda/NLLLoss2d.cu:95: nll_loss2d_forward_kernel: block: [1,0,0], thread: [246,0,0] Assertion `t >= 0 && t < n_classes` failed.
/opt/conda/conda-bld/pytorch_1640811805959/work/aten/src/ATen/native/cuda/NLLLoss2d.cu:95: nll_loss2d_forward_kernel: block: [1,0,0], thread: [254,0,0] Assertion `t >= 0 && t < n_classes` failed.
/opt/conda/conda-bld/pytorch_1640811805959/work/aten/src/ATen/native/cuda/NLLLoss2d.cu:95: nll_loss2d_forward_kernel: block: [1,0,0], thread: [255,0,0] Assertion `t >= 0 && t < n_classes` failed.
/opt/conda/conda-bld/pytorch_1640811805959/work/aten/src/ATen/native/cuda/NLLLoss2d.cu:95: nll_loss2d_forward_kernel: block: [1,0,0], thread: [356,0,0] Assertion `t >= 0 && t < n_classes` failed.
/opt/conda/conda-bld/pytorch_1640811805959/work/aten/src/ATen/native/cuda/NLLLoss2d.cu:95: nll_loss2d_forward_kernel: block: [1,0,0], thread: [357,0,0] Assertion `t >= 0 && t < n_classes` failed.
/opt/conda/conda-bld/pytorch_1640811805959/work/aten/src/ATen/native/cuda/NLLLoss2d.cu:95: nll_loss2d_forward_kernel: block: [1,0,0], thread: [358,0,0] Assertion `t >= 0 && t < n_classes` failed.
/opt/conda/conda-bld/pytorch_1640811805959/work/aten/src/ATen/native/cuda/NLLLoss2d.cu:95: nll_loss2d_forward_kernel: block: [1,0,0], thread: [359,0,0] Assertion `t >= 0 && t < n_classes` failed.
/opt/conda/conda-bld/pytorch_1640811805959/work/aten/src/ATen/native/cuda/NLLLoss2d.cu:95: nll_loss2d_forward_kernel: block: [1,0,0], thread: [360,0,0] Assertion `t >= 0 && t < n_classes` failed.
/opt/conda/conda-bld/pytorch_1640811805959/work/aten/src/ATen/native/cuda/NLLLoss2d.cu:95: nll_loss2d_forward_kernel: block: [1,0,0], thread: [361,0,0] Assertion `t >= 0 && t < n_classes` failed.
/opt/conda/conda-bld/pytorch_1640811805959/work/aten/src/ATen/native/cuda/NLLLoss2d.cu:95: nll_loss2d_forward_kernel: block: [1,0,0], thread: [362,0,0] Assertion `t >= 0 && t < n_classes` failed.
/opt/conda/conda-bld/pytorch_1640811805959/work/aten/src/ATen/native/cuda/NLLLoss2d.cu:95: nll_loss2d_forward_kernel: block: [1,0,0], thread: [363,0,0] Assertion `t >= 0 && t < n_classes` failed.
/opt/conda/conda-bld/pytorch_1640811805959/work/aten/src/ATen/native/cuda/NLLLoss2d.cu:95: nll_loss2d_forward_kernel: block: [1,0,0], thread: [76,0,0] Assertion `t >= 0 && t < n_classes` failed.
/opt/conda/conda-bld/pytorch_1640811805959/work/aten/src/ATen/native/cuda/NLLLoss2d.cu:95: nll_loss2d_forward_kernel: block: [1,0,0], thread: [77,0,0] Assertion `t >= 0 && t < n_classes` failed.
/opt/conda/conda-bld/pytorch_1640811805959/work/aten/src/ATen/native/cuda/NLLLoss2d.cu:95: nll_loss2d_forward_kernel: block: [1,0,0], thread: [78,0,0] Assertion `t >= 0 && t < n_classes` failed.
/opt/conda/conda-bld/pytorch_1640811805959/work/aten/src/ATen/native/cuda/NLLLoss2d.cu:95: nll_loss2d_forward_kernel: block: [1,0,0], thread: [784,0,0] Assertion `t >= 0 && t < n_classes` failed.
/opt/conda/conda-bld/pytorch_1640811805959/work/aten/src/ATen/native/cuda/NLLLoss2d.cu:95: nll_loss2d_forward_kernel: block: [1,0,0], thread: [785,0,0] Assertion `t >= 0 && t < n_classes` failed.
/opt/conda/conda-bld/pytorch_1640811805959/work/aten/src/ATen/native/cuda/NLLLoss2d.cu:95: nll_loss2d_forward_kernel: block: [1,0,0], thread: [786,0,0] Assertion `t >= 0 && t < n_classes` failed.
/opt/conda/conda-bld/pytorch_1640811805959/work/aten/src/ATen/native/cuda/NLLLoss2d.cu:95: nll_loss2d_forward_kernel: block: [1,0,0], thread: [797,0,0] Assertion `t >= 0 && t < n_classes` failed.
/opt/conda/conda-bld/pytorch_1640811805959/work/aten/src/ATen/native/cuda/NLLLoss2d.cu:95: nll_loss2d_forward_kernel: block: [1,0,0], thread: [798,0,0] Assertion `t >= 0 && t < n_classes` failed.
/opt/conda/conda-bld/pytorch_1640811805959/work/aten/src/ATen/native/cuda/NLLLoss2d.cu:95: nll_loss2d_forward_kernel: block: [1,0,0], thread: [459,0,0] Assertion `t >= 0 && t < n_classes` failed.
/opt/conda/conda-bld/pytorch_1640811805959/work/aten/src/ATen/native/cuda/NLLLoss2d.cu:95: nll_loss2d_forward_kernel: block: [1,0,0], thread: [460,0,0] Assertion `t >= 0 && t < n_classes` failed.
/opt/conda/conda-bld/pytorch_1640811805959/work/aten/src/ATen/native/cuda/NLLLoss2d.cu:95: nll_loss2d_forward_kernel: block: [1,0,0], thread: [461,0,0] Assertion `t >= 0 && t < n_classes` failed.
/opt/conda/conda-bld/pytorch_1640811805959/work/aten/src/ATen/native/cuda/NLLLoss2d.cu:95: nll_loss2d_forward_kernel: block: [1,0,0], thread: [462,0,0] Assertion `t >= 0 && t < n_classes` failed.
/opt/conda/conda-bld/pytorch_1640811805959/work/aten/src/ATen/native/cuda/NLLLoss2d.cu:95: nll_loss2d_forward_kernel: block: [1,0,0], thread: [463,0,0] Assertion `t >= 0 && t < n_classes` failed.
/opt/conda/conda-bld/pytorch_1640811805959/work/aten/src/ATen/native/cuda/NLLLoss2d.cu:95: nll_loss2d_forward_kernel: block: [1,0,0], thread: [464,0,0] Assertion `t >= 0 && t < n_classes` failed.
/opt/conda/conda-bld/pytorch_1640811805959/work/aten/src/ATen/native/cuda/NLLLoss2d.cu:95: nll_loss2d_forward_kernel: block: [1,0,0], thread: [465,0,0] Assertion `t >= 0 && t < n_classes` failed.
/opt/conda/conda-bld/pytorch_1640811805959/work/aten/src/ATen/native/cuda/NLLLoss2d.cu:95: nll_loss2d_forward_kernel: block: [1,0,0], thread: [481,0,0] Assertion `t >= 0 && t < n_classes` failed.
/opt/conda/conda-bld/pytorch_1640811805959/work/aten/src/ATen/native/cuda/NLLLoss2d.cu:95: nll_loss2d_forward_kernel: block: [1,0,0], thread: [482,0,0] Assertion `t >= 0 && t < n_classes` failed.
/opt/conda/conda-bld/pytorch_1640811805959/work/aten/src/ATen/native/cuda/NLLLoss2d.cu:95: nll_loss2d_forward_kernel: block: [1,0,0], thread: [483,0,0] Assertion `t >= 0 && t < n_classes` failed.
/opt/conda/conda-bld/pytorch_1640811805959/work/aten/src/ATen/native/cuda/NLLLoss2d.cu:95: nll_loss2d_forward_kernel: block: [1,0,0], thread: [500,0,0] Assertion `t >= 0 && t < n_classes` failed.
/opt/conda/conda-bld/pytorch_1640811805959/work/aten/src/ATen/native/cuda/NLLLoss2d.cu:95: nll_loss2d_forward_kernel: block: [1,0,0], thread: [501,0,0] Assertion `t >= 0 && t < n_classes` failed.
/opt/conda/conda-bld/pytorch_1640811805959/work/aten/src/ATen/native/cuda/NLLLoss2d.cu:95: nll_loss2d_forward_kernel: block: [1,0,0], thread: [540,0,0] Assertion `t >= 0 && t < n_classes` failed.
/opt/conda/conda-bld/pytorch_1640811805959/work/aten/src/ATen/native/cuda/NLLLoss2d.cu:95: nll_loss2d_forward_kernel: block: [1,0,0], thread: [541,0,0] Assertion `t >= 0 && t < n_classes` failed.
/opt/conda/conda-bld/pytorch_1640811805959/work/aten/src/ATen/native/cuda/NLLLoss2d.cu:95: nll_loss2d_forward_kernel: block: [1,0,0], thread: [542,0,0] Assertion `t >= 0 && t < n_classes` failed.
/opt/conda/conda-bld/pytorch_1640811805959/work/aten/src/ATen/native/cuda/NLLLoss2d.cu:95: nll_loss2d_forward_kernel: block: [1,0,0], thread: [582,0,0] Assertion `t >= 0 && t < n_classes` failed.
/opt/conda/conda-bld/pytorch_1640811805959/work/aten/src/ATen/native/cuda/NLLLoss2d.cu:95: nll_loss2d_forward_kernel: block: [1,0,0], thread: [583,0,0] Assertion `t >= 0 && t < n_classes` failed.
/opt/conda/conda-bld/pytorch_1640811805959/work/aten/src/ATen/native/cuda/NLLLoss2d.cu:95: nll_loss2d_forward_kernel: block: [1,0,0], thread: [584,0,0] Assertion `t >= 0 && t < n_classes` failed.
/opt/conda/conda-bld/pytorch_1640811805959/work/aten/src/ATen/native/cuda/NLLLoss2d.cu:95: nll_loss2d_forward_kernel: block: [1,0,0], thread: [599,0,0] Assertion `t >= 0 && t < n_classes` failed.
/opt/conda/conda-bld/pytorch_1640811805959/work/aten/src/ATen/native/cuda/NLLLoss2d.cu:95: nll_loss2d_forward_kernel: block: [1,0,0], thread: [600,0,0] Assertion `t >= 0 && t < n_classes` failed.
/opt/conda/conda-bld/pytorch_1640811805959/work/aten/src/ATen/native/cuda/NLLLoss2d.cu:95: nll_loss2d_forward_kernel: block: [1,0,0], thread: [640,0,0] Assertion `t >= 0 && t < n_classes` failed.
/opt/conda/conda-bld/pytorch_1640811805959/work/aten/src/ATen/native/cuda/NLLLoss2d.cu:95: nll_loss2d_forward_kernel: block: [1,0,0], thread: [661,0,0] Assertion `t >= 0 && t < n_classes` failed.
/opt/conda/conda-bld/pytorch_1640811805959/work/aten/src/ATen/native/cuda/NLLLoss2d.cu:95: nll_loss2d_forward_kernel: block: [1,0,0], thread: [662,0,0] Assertion `t >= 0 && t < n_classes` failed.
/opt/conda/conda-bld/pytorch_1640811805959/work/aten/src/ATen/native/cuda/NLLLoss2d.cu:95: nll_loss2d_forward_kernel: block: [1,0,0], thread: [663,0,0] Assertion `t >= 0 && t < n_classes` failed.
/opt/conda/conda-bld/pytorch_1640811805959/work/aten/src/ATen/native/cuda/NLLLoss2d.cu:95: nll_loss2d_forward_kernel: block: [1,0,0], thread: [664,0,0] Assertion `t >= 0 && t < n_classes` failed.
/opt/conda/conda-bld/pytorch_1640811805959/work/aten/src/ATen/native/cuda/NLLLoss2d.cu:95: nll_loss2d_forward_kernel: block: [1,0,0], thread: [665,0,0] Assertion `t >= 0 && t < n_classes` failed.
/opt/conda/conda-bld/pytorch_1640811805959/work/aten/src/ATen/native/cuda/NLLLoss2d.cu:95: nll_loss2d_forward_kernel: block: [1,0,0], thread: [666,0,0] Assertion `t >= 0 && t < n_classes` failed.
/opt/conda/conda-bld/pytorch_1640811805959/work/aten/src/ATen/native/cuda/NLLLoss2d.cu:95: nll_loss2d_forward_kernel: block: [1,0,0], thread: [683,0,0] Assertion `t >= 0 && t < n_classes` failed.
/opt/conda/conda-bld/pytorch_1640811805959/work/aten/src/ATen/native/cuda/NLLLoss2d.cu:95: nll_loss2d_forward_kernel: block: [1,0,0], thread: [684,0,0] Assertion `t >= 0 && t < n_classes` failed.
/opt/conda/conda-bld/pytorch_1640811805959/work/aten/src/ATen/native/cuda/NLLLoss2d.cu:95: nll_loss2d_forward_kernel: block: [1,0,0], thread: [685,0,0] Assertion `t >= 0 && t < n_classes` failed.
/opt/conda/conda-bld/pytorch_1640811805959/work/aten/src/ATen/native/cuda/NLLLoss2d.cu:95: nll_loss2d_forward_kernel: block: [1,0,0], thread: [698,0,0] Assertion `t >= 0 && t < n_classes` failed.
/opt/conda/conda-bld/pytorch_1640811805959/work/aten/src/ATen/native/cuda/NLLLoss2d.cu:95: nll_loss2d_forward_kernel: block: [1,0,0], thread: [699,0,0] Assertion `t >= 0 && t < n_classes` failed.
/opt/conda/conda-bld/pytorch_1640811805959/work/aten/src/ATen/native/cuda/NLLLoss2d.cu:95: nll_loss2d_forward_kernel: block: [0,0,0], thread: [513,0,0] Assertion `t >= 0 && t < n_classes` failed.
/opt/conda/conda-bld/pytorch_1640811805959/work/aten/src/ATen/native/cuda/NLLLoss2d.cu:95: nll_loss2d_forward_kernel: block: [0,0,0], thread: [514,0,0] Assertion `t >= 0 && t < n_classes` failed.
/opt/conda/conda-bld/pytorch_1640811805959/work/aten/src/ATen/native/cuda/NLLLoss2d.cu:95: nll_loss2d_forward_kernel: block: [1,0,0], thread: [146,0,0] Assertion `t >= 0 && t < n_classes` failed.
/opt/conda/conda-bld/pytorch_1640811805959/work/aten/src/ATen/native/cuda/NLLLoss2d.cu:95: nll_loss2d_forward_kernel: block: [1,0,0], thread: [147,0,0] Assertion `t >= 0 && t < n_classes` failed.
/opt/conda/conda-bld/pytorch_1640811805959/work/aten/src/ATen/native/cuda/NLLLoss2d.cu:95: nll_loss2d_forward_kernel: block: [1,0,0], thread: [152,0,0] Assertion `t >= 0 && t < n_classes` failed.
/opt/conda/conda-bld/pytorch_1640811805959/work/aten/src/ATen/native/cuda/NLLLoss2d.cu:95: nll_loss2d_forward_kernel: block: [1,0,0], thread: [153,0,0] Assertion `t >= 0 && t < n_classes` failed.
/opt/conda/conda-bld/pytorch_1640811805959/work/aten/src/ATen/native/cuda/NLLLoss2d.cu:95: nll_loss2d_forward_kernel: block: [1,0,0], thread: [154,0,0] Assertion `t >= 0 && t < n_classes` failed.
/opt/conda/conda-bld/pytorch_1640811805959/work/aten/src/ATen/native/cuda/NLLLoss2d.cu:95: nll_loss2d_forward_kernel: block: [1,0,0], thread: [155,0,0] Assertion `t >= 0 && t < n_classes` failed.
/opt/conda/conda-bld/pytorch_1640811805959/work/aten/src/ATen/native/cuda/NLLLoss2d.cu:95: nll_loss2d_forward_kernel: block: [1,0,0], thread: [156,0,0] Assertion `t >= 0 && t < n_classes` failed.
/opt/conda/conda-bld/pytorch_1640811805959/work/aten/src/ATen/native/cuda/NLLLoss2d.cu:95: nll_loss2d_forward_kernel: block: [1,0,0], thread: [157,0,0] Assertion `t >= 0 && t < n_classes` failed.
/opt/conda/conda-bld/pytorch_1640811805959/work/aten/src/ATen/native/cuda/NLLLoss2d.cu:95: nll_loss2d_forward_kernel: block: [1,0,0], thread: [158,0,0] Assertion `t >= 0 && t < n_classes` failed.
/opt/conda/conda-bld/pytorch_1640811805959/work/aten/src/ATen/native/cuda/NLLLoss2d.cu:95: nll_loss2d_forward_kernel: block: [1,0,0], thread: [159,0,0] Assertion `t >= 0 && t < n_classes` failed.
/opt/conda/conda-bld/pytorch_1640811805959/work/aten/src/ATen/native/cuda/NLLLoss2d.cu:95: nll_loss2d_forward_kernel: block: [0,0,0], thread: [614,0,0] Assertion `t >= 0 && t < n_classes` failed.
/opt/conda/conda-bld/pytorch_1640811805959/work/aten/src/ATen/native/cuda/NLLLoss2d.cu:95: nll_loss2d_forward_kernel: block: [0,0,0], thread: [883,0,0] Assertion `t >= 0 && t < n_classes` failed.
/opt/conda/conda-bld/pytorch_1640811805959/work/aten/src/ATen/native/cuda/NLLLoss2d.cu:95: nll_loss2d_forward_kernel: block: [0,0,0], thread: [884,0,0] Assertion `t >= 0 && t < n_classes` failed.
/opt/conda/conda-bld/pytorch_1640811805959/work/aten/src/ATen/native/cuda/NLLLoss2d.cu:95: nll_loss2d_forward_kernel: block: [0,0,0], thread: [192,0,0] Assertion `t >= 0 && t < n_classes` failed.
/opt/conda/conda-bld/pytorch_1640811805959/work/aten/src/ATen/native/cuda/NLLLoss2d.cu:95: nll_loss2d_forward_kernel: block: [0,0,0], thread: [241,0,0] Assertion `t >= 0 && t < n_classes` failed.
/opt/conda/conda-bld/pytorch_1640811805959/work/aten/src/ATen/native/cuda/NLLLoss2d.cu:95: nll_loss2d_forward_kernel: block: [0,0,0], thread: [242,0,0] Assertion `t >= 0 && t < n_classes` failed.
/opt/conda/conda-bld/pytorch_1640811805959/work/aten/src/ATen/native/cuda/NLLLoss2d.cu:95: nll_loss2d_forward_kernel: block: [1,0,0], thread: [736,0,0] Assertion `t >= 0 && t < n_classes` failed.
/opt/conda/conda-bld/pytorch_1640811805959/work/aten/src/ATen/native/cuda/NLLLoss2d.cu:95: nll_loss2d_forward_kernel: block: [1,0,0], thread: [737,0,0] Assertion `t >= 0 && t < n_classes` failed.
/opt/conda/conda-bld/pytorch_1640811805959/work/aten/src/ATen/native/cuda/NLLLoss2d.cu:95: nll_loss2d_forward_kernel: block: [1,0,0], thread: [762,0,0] Assertion `t >= 0 && t < n_classes` failed.
/opt/conda/conda-bld/pytorch_1640811805959/work/aten/src/ATen/native/cuda/NLLLoss2d.cu:95: nll_loss2d_forward_kernel: block: [1,0,0], thread: [763,0,0] Assertion `t >= 0 && t < n_classes` failed.
/opt/conda/conda-bld/pytorch_1640811805959/work/aten/src/ATen/native/cuda/NLLLoss2d.cu:95: nll_loss2d_forward_kernel: block: [1,0,0], thread: [764,0,0] Assertion `t >= 0 && t < n_classes` failed.
/opt/conda/conda-bld/pytorch_1640811805959/work/aten/src/ATen/native/cuda/NLLLoss2d.cu:95: nll_loss2d_forward_kernel: block: [1,0,0], thread: [765,0,0] Assertion `t >= 0 && t < n_classes` failed.
/opt/conda/conda-bld/pytorch_1640811805959/work/aten/src/ATen/native/cuda/NLLLoss2d.cu:95: nll_loss2d_forward_kernel: block: [1,0,0], thread: [766,0,0] Assertion `t >= 0 && t < n_classes` failed.
/opt/conda/conda-bld/pytorch_1640811805959/work/aten/src/ATen/native/cuda/NLLLoss2d.cu:95: nll_loss2d_forward_kernel: block: [1,0,0], thread: [767,0,0] Assertion `t >= 0 && t < n_classes` failed.
/opt/conda/conda-bld/pytorch_1640811805959/work/aten/src/ATen/native/cuda/NLLLoss2d.cu:95: nll_loss2d_forward_kernel: block: [0,0,0], thread: [260,0,0] Assertion `t >= 0 && t < n_classes` failed.
/opt/conda/conda-bld/pytorch_1640811805959/work/aten/src/ATen/native/cuda/NLLLoss2d.cu:95: nll_loss2d_forward_kernel: block: [0,0,0], thread: [160,0,0] Assertion `t >= 0 && t < n_classes` failed.
/opt/conda/conda-bld/pytorch_1640811805959/work/aten/src/ATen/native/cuda/NLLLoss2d.cu:95: nll_loss2d_forward_kernel: block: [0,0,0], thread: [914,0,0] Assertion `t >= 0 && t < n_classes` failed.
/opt/conda/conda-bld/pytorch_1640811805959/work/aten/src/ATen/native/cuda/NLLLoss2d.cu:95: nll_loss2d_forward_kernel: block: [1,0,0], thread: [47,0,0] Assertion `t >= 0 && t < n_classes` failed.
/opt/conda/conda-bld/pytorch_1640811805959/work/aten/src/ATen/native/cuda/NLLLoss2d.cu:95: nll_loss2d_forward_kernel: block: [1,0,0], thread: [50,0,0] Assertion `t >= 0 && t < n_classes` failed.
/opt/conda/conda-bld/pytorch_1640811805959/work/aten/src/ATen/native/cuda/NLLLoss2d.cu:95: nll_loss2d_forward_kernel: block: [1,0,0], thread: [51,0,0] Assertion `t >= 0 && t < n_classes` failed.
/opt/conda/conda-bld/pytorch_1640811805959/work/aten/src/ATen/native/cuda/NLLLoss2d.cu:95: nll_loss2d_forward_kernel: block: [1,0,0], thread: [52,0,0] Assertion `t >= 0 && t < n_classes` failed.
/opt/conda/conda-bld/pytorch_1640811805959/work/aten/src/ATen/native/cuda/NLLLoss2d.cu:95: nll_loss2d_forward_kernel: block: [1,0,0], thread: [53,0,0] Assertion `t >= 0 && t < n_classes` failed.
/opt/conda/conda-bld/pytorch_1640811805959/work/aten/src/ATen/native/cuda/NLLLoss2d.cu:95: nll_loss2d_forward_kernel: block: [1,0,0], thread: [54,0,0] Assertion `t >= 0 && t < n_classes` failed.
/opt/conda/conda-bld/pytorch_1640811805959/work/aten/src/ATen/native/cuda/NLLLoss2d.cu:95: nll_loss2d_forward_kernel: block: [1,0,0], thread: [55,0,0] Assertion `t >= 0 && t < n_classes` failed.
/opt/conda/conda-bld/pytorch_1640811805959/work/aten/src/ATen/native/cuda/NLLLoss2d.cu:95: nll_loss2d_forward_kernel: block: [1,0,0], thread: [56,0,0] Assertion `t >= 0 && t < n_classes` failed.
/opt/conda/conda-bld/pytorch_1640811805959/work/aten/src/ATen/native/cuda/NLLLoss2d.cu:95: nll_loss2d_forward_kernel: block: [1,0,0], thread: [62,0,0] Assertion `t >= 0 && t < n_classes` failed.
/opt/conda/conda-bld/pytorch_1640811805959/work/aten/src/ATen/native/cuda/NLLLoss2d.cu:95: nll_loss2d_forward_kernel: block: [1,0,0], thread: [63,0,0] Assertion `t >= 0 && t < n_classes` failed.
/opt/conda/conda-bld/pytorch_1640811805959/work/aten/src/ATen/native/cuda/NLLLoss2d.cu:95: nll_loss2d_forward_kernel: block: [0,0,0], thread: [1014,0,0] Assertion `t >= 0 && t < n_classes` failed.
/opt/conda/conda-bld/pytorch_1640811805959/work/aten/src/ATen/native/cuda/NLLLoss2d.cu:95: nll_loss2d_forward_kernel: block: [0,0,0], thread: [1015,0,0] Assertion `t >= 0 && t < n_classes` failed.
/opt/conda/conda-bld/pytorch_1640811805959/work/aten/src/ATen/native/cuda/NLLLoss2d.cu:95: nll_loss2d_forward_kernel: block: [0,0,0], thread: [663,0,0] Assertion `t >= 0 && t < n_classes` failed.
/opt/conda/conda-bld/pytorch_1640811805959/work/aten/src/ATen/native/cuda/NLLLoss2d.cu:95: nll_loss2d_forward_kernel: block: [0,0,0], thread: [714,0,0] Assertion `t >= 0 && t < n_classes` failed.
/opt/conda/conda-bld/pytorch_1640811805959/work/aten/src/ATen/native/cuda/NLLLoss2d.cu:95: nll_loss2d_forward_kernel: block: [0,0,0], thread: [783,0,0] Assertion `t >= 0 && t < n_classes` failed.
/opt/conda/conda-bld/pytorch_1640811805959/work/aten/src/ATen/native/cuda/NLLLoss2d.cu:95: nll_loss2d_forward_kernel: block: [0,0,0], thread: [784,0,0] Assertion `t >= 0 && t < n_classes` failed.
/opt/conda/conda-bld/pytorch_1640811805959/work/aten/src/ATen/native/cuda/NLLLoss2d.cu:95: nll_loss2d_forward_kernel: block: [0,0,0], thread: [492,0,0] Assertion `t >= 0 && t < n_classes` failed.
/opt/conda/conda-bld/pytorch_1640811805959/work/aten/src/ATen/native/cuda/NLLLoss2d.cu:95: nll_loss2d_forward_kernel: block: [0,0,0], thread: [583,0,0] Assertion `t >= 0 && t < n_classes` failed.
/opt/conda/conda-bld/pytorch_1640811805959/work/aten/src/ATen/native/cuda/NLLLoss2d.cu:95: nll_loss2d_forward_kernel: block: [0,0,0], thread: [361,0,0] Assertion `t >= 0 && t < n_classes` failed.
/opt/conda/conda-bld/pytorch_1640811805959/work/aten/src/ATen/native/cuda/NLLLoss2d.cu:95: nll_loss2d_forward_kernel: block: [0,0,0], thread: [683,0,0] Assertion `t >= 0 && t < n_classes` failed.
/opt/conda/conda-bld/pytorch_1640811805959/work/aten/src/ATen/native/cuda/NLLLoss2d.cu:95: nll_loss2d_forward_kernel: block: [0,0,0], thread: [863,0,0] Assertion `t >= 0 && t < n_classes` failed.
/opt/conda/conda-bld/pytorch_1640811805959/work/aten/src/ATen/native/cuda/NLLLoss2d.cu:95: nll_loss2d_forward_kernel: block: [0,0,0], thread: [763,0,0] Assertion `t >= 0 && t < n_classes` failed.
/opt/conda/conda-bld/pytorch_1640811805959/work/aten/src/ATen/native/cuda/NLLLoss2d.cu:95: nll_loss2d_forward_kernel: block: [0,0,0], thread: [764,0,0] Assertion `t >= 0 && t < n_classes` failed.
/opt/conda/conda-bld/pytorch_1640811805959/work/aten/src/ATen/native/cuda/NLLLoss2d.cu:95: nll_loss2d_forward_kernel: block: [0,0,0], thread: [945,0,0] Assertion `t >= 0 && t < n_classes` failed.
/opt/conda/conda-bld/pytorch_1640811805959/work/aten/src/ATen/native/cuda/NLLLoss2d.cu:95: nll_loss2d_forward_kernel: block: [0,0,0], thread: [946,0,0] Assertion `t >= 0 && t < n_classes` failed.
/opt/conda/conda-bld/pytorch_1640811805959/work/aten/src/ATen/native/cuda/NLLLoss2d.cu:95: nll_loss2d_forward_kernel: block: [0,0,0], thread: [983,0,0] Assertion `t >= 0 && t < n_classes` failed.
/opt/conda/conda-bld/pytorch_1640811805959/work/aten/src/ATen/native/cuda/NLLLoss2d.cu:95: nll_loss2d_forward_kernel: block: [0,0,0], thread: [984,0,0] Assertion `t >= 0 && t < n_classes` failed.
/opt/conda/conda-bld/pytorch_1640811805959/work/aten/src/ATen/native/cuda/NLLLoss2d.cu:95: nll_loss2d_forward_kernel: block: [0,0,0], thread: [342,0,0] Assertion `t >= 0 && t < n_classes` failed.
/opt/conda/conda-bld/pytorch_1640811805959/work/aten/src/ATen/native/cuda/NLLLoss2d.cu:95: nll_loss2d_forward_kernel: block: [0,0,0], thread: [814,0,0] Assertion `t >= 0 && t < n_classes` failed.
/opt/conda/conda-bld/pytorch_1640811805959/work/aten/src/ATen/native/cuda/NLLLoss2d.cu:95: nll_loss2d_forward_kernel: block: [0,0,0], thread: [562,0,0] Assertion `t >= 0 && t < n_classes` failed.
/opt/conda/conda-bld/pytorch_1640811805959/work/aten/src/ATen/native/cuda/NLLLoss2d.cu:95: nll_loss2d_forward_kernel: block: [0,0,0], thread: [563,0,0] Assertion `t >= 0 && t < n_classes` failed.
/opt/conda/conda-bld/pytorch_1640811805959/work/aten/src/ATen/native/cuda/NLLLoss2d.cu:95: nll_loss2d_forward_kernel: block: [0,0,0], thread: [413,0,0] Assertion `t >= 0 && t < n_classes` failed.
/opt/conda/conda-bld/pytorch_1640811805959/work/aten/src/ATen/native/cuda/NLLLoss2d.cu:95: nll_loss2d_forward_kernel: block: [0,0,0], thread: [159,0,0] Assertion `t >= 0 && t < n_classes` failed.
/opt/conda/conda-bld/pytorch_1640811805959/work/aten/src/ATen/native/cuda/NLLLoss2d.cu:95: nll_loss2d_forward_kernel: block: [0,0,0], thread: [462,0,0] Assertion `t >= 0 && t < n_classes` failed.
/opt/conda/conda-bld/pytorch_1640811805959/work/aten/src/ATen/native/cuda/NLLLoss2d.cu:95: nll_loss2d_forward_kernel: block: [0,0,0], thread: [91,0,0] Assertion `t >= 0 && t < n_classes` failed.
/opt/conda/conda-bld/pytorch_1640811805959/work/aten/src/ATen/native/cuda/NLLLoss2d.cu:95: nll_loss2d_forward_kernel: block: [0,0,0], thread: [443,0,0] Assertion `t >= 0 && t < n_classes` failed.
/opt/conda/conda-bld/pytorch_1640811805959/work/aten/src/ATen/native/cuda/NLLLoss2d.cu:95: nll_loss2d_forward_kernel: block: [0,0,0], thread: [0,0,0] Assertion `t >= 0 && t < n_classes` failed.
/opt/conda/conda-bld/pytorch_1640811805959/work/aten/src/ATen/native/cuda/NLLLoss2d.cu:95: nll_loss2d_forward_kernel: block: [0,0,0], thread: [1,0,0] Assertion `t >= 0 && t < n_classes` failed.
/opt/conda/conda-bld/pytorch_1640811805959/work/aten/src/ATen/native/cuda/NLLLoss2d.cu:95: nll_loss2d_forward_kernel: block: [0,0,0], thread: [2,0,0] Assertion `t >= 0 && t < n_classes` failed.
/opt/conda/conda-bld/pytorch_1640811805959/work/aten/src/ATen/native/cuda/NLLLoss2d.cu:95: nll_loss2d_forward_kernel: block: [0,0,0], thread: [3,0,0] Assertion `t >= 0 && t < n_classes` failed.
/opt/conda/conda-bld/pytorch_1640811805959/work/aten/src/ATen/native/cuda/NLLLoss2d.cu:95: nll_loss2d_forward_kernel: block: [0,0,0], thread: [23,0,0] Assertion `t >= 0 && t < n_classes` failed.
/opt/conda/conda-bld/pytorch_1640811805959/work/aten/src/ATen/native/cuda/NLLLoss2d.cu:95: nll_loss2d_forward_kernel: block: [0,0,0], thread: [24,0,0] Assertion `t >= 0 && t < n_classes` failed.
/opt/conda/conda-bld/pytorch_1640811805959/work/aten/src/ATen/native/cuda/NLLLoss2d.cu:95: nll_loss2d_forward_kernel: block: [0,0,0], thread: [25,0,0] Assertion `t >= 0 && t < n_classes` failed.
/opt/conda/conda-bld/pytorch_1640811805959/work/aten/src/ATen/native/cuda/NLLLoss2d.cu:95: nll_loss2d_forward_kernel: block: [0,0,0], thread: [26,0,0] Assertion `t >= 0 && t < n_classes` failed.
/opt/conda/conda-bld/pytorch_1640811805959/work/aten/src/ATen/native/cuda/NLLLoss2d.cu:95: nll_loss2d_forward_kernel: block: [0,0,0], thread: [27,0,0] Assertion `t >= 0 && t < n_classes` failed.
/opt/conda/conda-bld/pytorch_1640811805959/work/aten/src/ATen/native/cuda/NLLLoss2d.cu:95: nll_loss2d_forward_kernel: block: [0,0,0], thread: [28,0,0] Assertion `t >= 0 && t < n_classes` failed.
/opt/conda/conda-bld/pytorch_1640811805959/work/aten/src/ATen/native/cuda/NLLLoss2d.cu:95: nll_loss2d_forward_kernel: block: [0,0,0], thread: [29,0,0] Assertion `t >= 0 && t < n_classes` failed.
/opt/conda/conda-bld/pytorch_1640811805959/work/aten/src/ATen/native/cuda/NLLLoss2d.cu:95: nll_loss2d_forward_kernel: block: [0,0,0], thread: [30,0,0] Assertion `t >= 0 && t < n_classes` failed.
/opt/conda/conda-bld/pytorch_1640811805959/work/aten/src/ATen/native/cuda/NLLLoss2d.cu:95: nll_loss2d_forward_kernel: block: [0,0,0], thread: [31,0,0] Assertion `t >= 0 && t < n_classes` failed.
/opt/conda/conda-bld/pytorch_1640811805959/work/aten/src/ATen/native/cuda/NLLLoss2d.cu:95: nll_loss2d_forward_kernel: block: [0,0,0], thread: [96,0,0] Assertion `t >= 0 && t < n_classes` failed.
/opt/conda/conda-bld/pytorch_1640811805959/work/aten/src/ATen/native/cuda/NLLLoss2d.cu:95: nll_loss2d_forward_kernel: block: [0,0,0], thread: [97,0,0] Assertion `t >= 0 && t < n_classes` failed.
/opt/conda/conda-bld/pytorch_1640811805959/work/aten/src/ATen/native/cuda/NLLLoss2d.cu:95: nll_loss2d_forward_kernel: block: [0,0,0], thread: [98,0,0] Assertion `t >= 0 && t < n_classes` failed.
/opt/conda/conda-bld/pytorch_1640811805959/work/aten/src/ATen/native/cuda/NLLLoss2d.cu:95: nll_loss2d_forward_kernel: block: [0,0,0], thread: [99,0,0] Assertion `t >= 0 && t < n_classes` failed.
/opt/conda/conda-bld/pytorch_1640811805959/work/aten/src/ATen/native/cuda/NLLLoss2d.cu:95: nll_loss2d_forward_kernel: block: [0,0,0], thread: [100,0,0] Assertion `t >= 0 && t < n_classes` failed.
/opt/conda/conda-bld/pytorch_1640811805959/work/aten/src/ATen/native/cuda/NLLLoss2d.cu:95: nll_loss2d_forward_kernel: block: [0,0,0], thread: [101,0,0] Assertion `t >= 0 && t < n_classes` failed.
/opt/conda/conda-bld/pytorch_1640811805959/work/aten/src/ATen/native/cuda/NLLLoss2d.cu:95: nll_loss2d_forward_kernel: block: [0,0,0], thread: [102,0,0] Assertion `t >= 0 && t < n_classes` failed.
/opt/conda/conda-bld/pytorch_1640811805959/work/aten/src/ATen/native/cuda/NLLLoss2d.cu:95: nll_loss2d_forward_kernel: block: [0,0,0], thread: [103,0,0] Assertion `t >= 0 && t < n_classes` failed.
/opt/conda/conda-bld/pytorch_1640811805959/work/aten/src/ATen/native/cuda/NLLLoss2d.cu:95: nll_loss2d_forward_kernel: block: [0,0,0], thread: [117,0,0] Assertion `t >= 0 && t < n_classes` failed.
/opt/conda/conda-bld/pytorch_1640811805959/work/aten/src/ATen/native/cuda/NLLLoss2d.cu:95: nll_loss2d_forward_kernel: block: [0,0,0], thread: [118,0,0] Assertion `t >= 0 && t < n_classes` failed.
/opt/conda/conda-bld/pytorch_1640811805959/work/aten/src/ATen/native/cuda/NLLLoss2d.cu:95: nll_loss2d_forward_kernel: block: [0,0,0], thread: [119,0,0] Assertion `t >= 0 && t < n_classes` failed.
/opt/conda/conda-bld/pytorch_1640811805959/work/aten/src/ATen/native/cuda/NLLLoss2d.cu:95: nll_loss2d_forward_kernel: block: [0,0,0], thread: [120,0,0] Assertion `t >= 0 && t < n_classes` failed.
/opt/conda/conda-bld/pytorch_1640811805959/work/aten/src/ATen/native/cuda/NLLLoss2d.cu:95: nll_loss2d_forward_kernel: block: [0,0,0], thread: [121,0,0] Assertion `t >= 0 && t < n_classes` failed.
/opt/conda/conda-bld/pytorch_1640811805959/work/aten/src/ATen/native/cuda/NLLLoss2d.cu:95: nll_loss2d_forward_kernel: block: [0,0,0], thread: [122,0,0] Assertion `t >= 0 && t < n_classes` failed.
/opt/conda/conda-bld/pytorch_1640811805959/work/aten/src/ATen/native/cuda/NLLLoss2d.cu:95: nll_loss2d_forward_kernel: block: [0,0,0], thread: [123,0,0] Assertion `t >= 0 && t < n_classes` failed.
/opt/conda/conda-bld/pytorch_1640811805959/work/aten/src/ATen/native/cuda/NLLLoss2d.cu:95: nll_loss2d_forward_kernel: block: [0,0,0], thread: [124,0,0] Assertion `t >= 0 && t < n_classes` failed.
/opt/conda/conda-bld/pytorch_1640811805959/work/aten/src/ATen/native/cuda/NLLLoss2d.cu:95: nll_loss2d_forward_kernel: block: [0,0,0], thread: [125,0,0] Assertion `t >= 0 && t < n_classes` failed.
/opt/conda/conda-bld/pytorch_1640811805959/work/aten/src/ATen/native/cuda/NLLLoss2d.cu:95: nll_loss2d_forward_kernel: block: [0,0,0], thread: [126,0,0] Assertion `t >= 0 && t < n_classes` failed.
/opt/conda/conda-bld/pytorch_1640811805959/work/aten/src/ATen/native/cuda/NLLLoss2d.cu:95: nll_loss2d_forward_kernel: block: [0,0,0], thread: [127,0,0] Assertion `t >= 0 && t < n_classes` failed.
/opt/conda/conda-bld/pytorch_1640811805959/work/aten/src/ATen/native/cuda/NLLLoss2d.cu:95: nll_loss2d_forward_kernel: block: [0,0,0], thread: [312,0,0] Assertion `t >= 0 && t < n_classes` failed.
/opt/conda/conda-bld/pytorch_1640811805959/work/aten/src/ATen/native/cuda/NLLLoss2d.cu:95: nll_loss2d_forward_kernel: block: [0,0,0], thread: [313,0,0] Assertion `t >= 0 && t < n_classes` failed.
/opt/conda/conda-bld/pytorch_1640811805959/work/aten/src/ATen/native/cuda/NLLLoss2d.cu:95: nll_loss2d_forward_kernel: block: [0,0,0], thread: [59,0,0] Assertion `t >= 0 && t < n_classes` failed.
/opt/conda/conda-bld/pytorch_1640811805959/work/aten/src/ATen/native/cuda/NLLLoss2d.cu:95: nll_loss2d_forward_kernel: block: [0,0,0], thread: [60,0,0] Assertion `t >= 0 && t < n_classes` failed.
/scratch/maj596/github/IPNV2_pytorch/model.py:294: UserWarning: __floordiv__ is deprecated, and its behavior will change in a future version of pytorch. It currently rounds toward 0 (like the 'trunc' function NOT 'floor'). This results in incorrect rounding for negative values. To keep the current behavior, use torch.div(a, b, rounding_mode='trunc'), or for actual floor division, use torch.div(a, b, rounding_mode='floor').
  x1 = torch.nn.functional.pad(x1, [diffX // 2, diffX - diffX // 2,
/scratch/maj596/github/IPNV2_pytorch/model.py:295: UserWarning: __floordiv__ is deprecated, and its behavior will change in a future version of pytorch. It currently rounds toward 0 (like the 'trunc' function NOT 'floor'). This results in incorrect rounding for negative values. To keep the current behavior, use torch.div(a, b, rounding_mode='trunc'), or for actual floor division, use torch.div(a, b, rounding_mode='floor').
  diffY // 2, diffY - diffY // 2])
----------------- Options ---------------
               batch_size: 2                             
               block_size: [160, 100, 100]               
                 channels: 64                            
                data_size: [640, 400, 400]               
                 dataroot: /scratch/maj596/IPN-OCTA-Segmentation/Data/train
              feature_dir: /scratch/maj596/IPN-OCTA-Segmentation/IPN2_pytorch/logs/Features_V2
                  gpu_ids: 0                             
              in_channels: 2                             
                     load: False                         
                       lr: 0.0001                        
            max_iteration: 30001                         
       max_iteration_post: 5001                          
                   method: IPN_V2                        
        modality_filename: ['image1', 'image2', 'label'] 
                     mode: train                         
                n_classes: 2                             
                optimizer: Adam                          
         plane_perceptron: UNet                          
plane_perceptron_channels: 64                            
            save_interval: 500                           
       save_interval_post: 50                            
                 saveroot: /scratch/maj596/IPN-OCTA-Segmentation/IPN2_pytorch/logs
                 test_ids: [200, 300]                    
                train_ids: [0, 180]                      
                  val_ids: [180, 200]                    
----------------- End -------------------

Start Setup dataset reader
Setting up dataset reader
trainpicking ...It will take some minutes
Traceback (most recent call last):
  File "IPN V2_train.py", line 142, in <module>
    train_net(net=net,device=device)
  File "IPN V2_train.py", line 63, in train_net
    loss.backward()
  File "/scratch/maj596/conda-envs/IPNV2_pytorch/lib/python3.6/site-packages/torch/_tensor.py", line 307, in backward
    torch.autograd.backward(self, gradient, retain_graph, create_graph, inputs=inputs)
  File "/scratch/maj596/conda-envs/IPNV2_pytorch/lib/python3.6/site-packages/torch/autograd/__init__.py", line 150, in backward
    grad_tensors_ = _make_grads(tensors, grad_tensors_)
  File "/scratch/maj596/conda-envs/IPNV2_pytorch/lib/python3.6/site-packages/torch/autograd/__init__.py", line 52, in _make_grads
    new_grads.append(torch.ones_like(out, memory_format=torch.preserve_format))
RuntimeError: CUDA error: device-side assert triggered
CUDA kernel errors might be asynchronously reported at some other API call,so the stacktrace below might be incorrect.
For debugging consider passing CUDA_LAUNCH_BLOCKING=1.
