
CommandNotFoundError: Your shell has not been properly configured to use 'conda activate'.
To initialize your shell, run

    $ conda init <SHELL_NAME>

Currently supported shells are:
  - bash
  - fish
  - tcsh
  - xonsh
  - zsh
  - powershell

See 'conda init --help' for more information and options.

IMPORTANT: You may need to close and restart your shell after running 'conda init'.


/scratch/maj596/conda-envs/IPNV2_pytorch/lib/python3.6/site-packages/torch/package/_directory_reader.py:17: UserWarning: Failed to initialize NumPy: No module named 'numpy.core._multiarray_umath' (Triggered internally at  /opt/conda/conda-bld/pytorch_1640811748419/work/torch/csrc/utils/tensor_numpy.cpp:68.)
  _dtype_to_storage = {data_type(0).dtype: data_type for data_type in _storages}
Traceback (most recent call last):
  File "IPN V2_train.py", line 1, in <module>
    import torch
  File "/scratch/maj596/conda-envs/IPNV2_pytorch/lib/python3.6/site-packages/torch/__init__.py", line 721, in <module>
    import torch.utils.data
  File "/scratch/maj596/conda-envs/IPNV2_pytorch/lib/python3.6/site-packages/torch/utils/data/__init__.py", line 38, in <module>
    from torch.utils.data.dataloader_experimental import DataLoader2
  File "/scratch/maj596/conda-envs/IPNV2_pytorch/lib/python3.6/site-packages/torch/utils/data/dataloader_experimental.py", line 11, in <module>
    from torch.utils.data.datapipes.iter import IterableWrapper
  File "/scratch/maj596/conda-envs/IPNV2_pytorch/lib/python3.6/site-packages/torch/utils/data/datapipes/__init__.py", line 1, in <module>
    from . import iter
  File "/scratch/maj596/conda-envs/IPNV2_pytorch/lib/python3.6/site-packages/torch/utils/data/datapipes/iter/__init__.py", line 37, in <module>
    from torch.utils.data.datapipes.iter.selecting import (
  File "/scratch/maj596/conda-envs/IPNV2_pytorch/lib/python3.6/site-packages/torch/utils/data/datapipes/iter/selecting.py", line 7, in <module>
    import pandas  # type: ignore[import]
  File "/scratch/maj596/conda-envs/IPNV2_pytorch/lib/python3.6/site-packages/pandas/__init__.py", line 22, in <module>
    from pandas.compat.numpy import (
  File "/scratch/maj596/conda-envs/IPNV2_pytorch/lib/python3.6/site-packages/pandas/compat/__init__.py", line 15, in <module>
    from pandas._typing import F
  File "/scratch/maj596/conda-envs/IPNV2_pytorch/lib/python3.6/site-packages/pandas/_typing.py", line 39, in <module>
    AnyArrayLike = TypeVar("AnyArrayLike", "ExtensionArray", "Index", "Series", np.ndarray)
AttributeError: module 'numpy' has no attribute 'ndarray'
